[2018-03-26 20:03:32.748] [exthost1] [info] extension host started
[2018-03-26 20:03:32.814] [exthost1] [info] ExtensionService#_doActivateExtension vscode.emmet {"startup":true,"activationEvent":"*"}
[2018-03-26 20:03:32.814] [exthost1] [info] ExtensionService#loadCommonJSModule /usr/share/code/resources/app/extensions/emmet/out/extension
[2018-03-26 20:03:33.390] [exthost1] [info] ExtensionService#_doActivateExtension vscode.git {"startup":true,"activationEvent":"*"}
[2018-03-26 20:03:33.390] [exthost1] [info] ExtensionService#loadCommonJSModule /usr/share/code/resources/app/extensions/git/out/main
[2018-03-26 20:03:33.959] [exthost1] [info] ExtensionService#_doActivateExtension vscode.merge-conflict {"startup":true,"activationEvent":"*"}
[2018-03-26 20:03:33.959] [exthost1] [info] ExtensionService#loadCommonJSModule /usr/share/code/resources/app/extensions/merge-conflict/out/extension
[2018-03-26 20:03:34.093] [exthost1] [info] eager extensions activated
[2018-03-26 20:03:34.100] [exthost1] [info] ExtensionService#_doActivateExtension vscode.python {"startup":false,"activationEvent":"onLanguage:python"}
[2018-03-26 20:03:34.100] [exthost1] [info] ExtensionService#loadCommonJSModule /usr/share/code/resources/app/extensions/python/out/pythonMain
[2018-03-26 20:03:34.122] [exthost1] [info] ExtensionService#_doActivateExtension donjayamanne.jupyter {"startup":false,"activationEvent":"onLanguage:python"}
[2018-03-26 20:03:34.122] [exthost1] [info] ExtensionService#loadCommonJSModule /root/.vscode/extensions/donjayamanne.jupyter-1.1.4/out/src/extension
[2018-03-26 20:03:38.216] [exthost1] [info] ExtensionService#_doActivateExtension ms-python.python {"startup":false,"activationEvent":"onLanguage:python"}
[2018-03-26 20:03:38.216] [exthost1] [info] ExtensionService#loadCommonJSModule /root/.vscode/extensions/ms-python.python-2018.2.1/out/client/extension
[2018-03-26 20:21:04.634] [exthost1] [info] extension host started
[2018-03-26 20:21:04.712] [exthost1] [info] ExtensionService#_doActivateExtension vscode.emmet {"startup":true,"activationEvent":"*"}
[2018-03-26 20:21:04.712] [exthost1] [info] ExtensionService#loadCommonJSModule /usr/share/code/resources/app/extensions/emmet/out/extension
[2018-03-26 20:21:04.925] [exthost1] [info] ExtensionService#_doActivateExtension vscode.git {"startup":true,"activationEvent":"*"}
[2018-03-26 20:21:04.925] [exthost1] [info] ExtensionService#loadCommonJSModule /usr/share/code/resources/app/extensions/git/out/main
[2018-03-26 20:21:05.121] [exthost1] [info] ExtensionService#_doActivateExtension vscode.merge-conflict {"startup":true,"activationEvent":"*"}
[2018-03-26 20:21:05.121] [exthost1] [info] ExtensionService#loadCommonJSModule /usr/share/code/resources/app/extensions/merge-conflict/out/extension
[2018-03-26 20:21:05.154] [exthost1] [info] ExtensionService#_doActivateExtension vscodevim.vim {"startup":true,"activationEvent":"*"}
[2018-03-26 20:21:05.154] [exthost1] [info] ExtensionService#loadCommonJSModule /root/.vscode/extensions/vscodevim.vim-0.11.2/out/extension
[2018-03-26 20:21:05.944] [exthost1] [info] eager extensions activated
[2018-03-26 20:21:05.951] [exthost1] [info] ExtensionService#_doActivateExtension vscode.python {"startup":false,"activationEvent":"onLanguage:python"}
[2018-03-26 20:21:05.951] [exthost1] [info] ExtensionService#loadCommonJSModule /usr/share/code/resources/app/extensions/python/out/pythonMain
[2018-03-26 20:21:05.953] [exthost1] [info] ExtensionService#_doActivateExtension donjayamanne.jupyter {"startup":false,"activationEvent":"onLanguage:python"}
[2018-03-26 20:21:05.953] [exthost1] [info] ExtensionService#loadCommonJSModule /root/.vscode/extensions/donjayamanne.jupyter-1.1.4/out/src/extension
[2018-03-26 20:21:07.096] [exthost1] [info] ExtensionService#_doActivateExtension ms-python.python {"startup":false,"activationEvent":"onLanguage:python"}
[2018-03-26 20:21:07.096] [exthost1] [info] ExtensionService#loadCommonJSModule /root/.vscode/extensions/ms-python.python-2018.2.1/out/client/extension
[2018-03-26 20:21:22.891] [exthost1] [info] ExtensionService#_doActivateExtension vscode.html {"startup":false,"activationEvent":"onLanguage:html"}
[2018-03-26 20:21:22.891] [exthost1] [info] ExtensionService#loadCommonJSModule /usr/share/code/resources/app/extensions/html/client/out/htmlMain
[2018-03-26 20:29:52.543] [exthost1] [info] ExtensionService#_doActivateExtension ms-vscode.node-debug2 {"startup":false,"activationEvent":"onDebugInitialConfigurations"}
[2018-03-26 20:29:52.543] [exthost1] [info] ExtensionService#loadCommonJSModule /usr/share/code/resources/app/extensions/ms-vscode.node-debug2/out/src/extension
[2018-03-26 20:29:52.580] [exthost1] [info] ExtensionService#_doActivateExtension ms-vscode.node-debug {"startup":false,"activationEvent":"onDebugInitialConfigurations"}
[2018-03-26 20:29:52.580] [exthost1] [info] ExtensionService#loadCommonJSModule /usr/share/code/resources/app/extensions/ms-vscode.node-debug/out/node/extension/extension.js
