[2018-03-26 20:03:28.385] [sharedprocess] [info] main {"machineId":"28ed2bf259d01a7b8889ea5e907ae64140cd0d57eb4440712501abc205fd8642"}
[2018-03-26 20:03:28.723] [sharedprocess] [info] Scanned user extensions: 7
[2018-03-26 20:03:29.374] [sharedprocess] [info] Scanned system extensions: 65
[2018-03-26 20:03:31.199] [sharedprocess] [info] Scanned user extensions: 7
[2018-03-26 20:03:31.206] [sharedprocess] [info] Scanned user extensions: 7
[2018-03-26 20:03:31.225] [sharedprocess] [info] Scanned user extensions: 7
[2018-03-26 20:03:31.361] [sharedprocess] [info] Scanned system extensions: 65
[2018-03-26 20:03:31.368] [sharedprocess] [info] Scanned system extensions: 65
[2018-03-26 20:03:31.451] [sharedprocess] [info] Scanned user extensions: 7
[2018-03-26 20:03:31.459] [sharedprocess] [info] Scanned user extensions: 7
[2018-03-26 20:03:31.503] [sharedprocess] [info] Scanned system extensions: 65
[2018-03-26 20:03:54.040] [sharedprocess] [info] Scanned user extensions: 7
[2018-03-26 20:08:59.258] [sharedprocess] [info] Scanned user extensions: 7
[2018-03-26 20:13:59.447] [sharedprocess] [info] Scanned user extensions: 7
[2018-03-26 20:18:59.717] [sharedprocess] [info] Scanned user extensions: 7
[2018-03-26 20:20:09.433] [sharedprocess] [info] Scanned user extensions: 7
[2018-03-26 20:20:42.957] [sharedprocess] [info] Scanned user extensions: 7
[2018-03-26 20:20:42.981] [sharedprocess] [info] Scanned user extensions: 7
[2018-03-26 20:20:42.986] [sharedprocess] [info] Scanned user extensions: 7
[2018-03-26 20:20:43.161] [sharedprocess] [info] Scanned system extensions: 65
[2018-03-26 20:20:43.170] [sharedprocess] [info] Scanned system extensions: 65
[2018-03-26 20:20:52.265] [sharedprocess] [info] Installing extension: vim
[2018-03-26 20:20:53.347] [sharedprocess] [info] Downloaded extension: vim
[2018-03-26 20:20:57.536] [sharedprocess] [info] Extracted extension to /root/.vscode/extensions/vscodevim.vim-0.11.2: vscodevim.vim-0.11.2
[2018-03-26 20:20:57.601] [sharedprocess] [info] Updated metadata of the extension: vscodevim.vim-0.11.2
[2018-03-26 20:20:57.603] [sharedprocess] [info] Extensions installed successfully: vscodevim.vim
[2018-03-26 20:20:57.783] [sharedprocess] [info] Scanned user extensions: 8
[2018-03-26 20:20:57.825] [sharedprocess] [info] Scanned system extensions: 65
[2018-03-26 20:21:03.159] [sharedprocess] [info] Scanned user extensions: 8
[2018-03-26 20:21:03.170] [sharedprocess] [info] Scanned user extensions: 8
[2018-03-26 20:21:03.179] [sharedprocess] [info] Scanned user extensions: 8
[2018-03-26 20:21:03.249] [sharedprocess] [info] Scanned user extensions: 8
[2018-03-26 20:21:03.259] [sharedprocess] [info] Scanned user extensions: 8
[2018-03-26 20:21:03.286] [sharedprocess] [info] Scanned user extensions: 8
[2018-03-26 20:21:03.307] [sharedprocess] [info] Scanned user extensions: 8
[2018-03-26 20:21:03.324] [sharedprocess] [info] Scanned user extensions: 8
[2018-03-26 20:21:03.496] [sharedprocess] [info] Scanned system extensions: 65
[2018-03-26 20:21:03.503] [sharedprocess] [info] Scanned system extensions: 65
[2018-03-26 20:21:03.513] [sharedprocess] [info] Scanned system extensions: 65
[2018-03-26 20:21:03.520] [sharedprocess] [info] Scanned system extensions: 65
[2018-03-26 20:21:03.539] [sharedprocess] [info] Scanned system extensions: 65
[2018-03-26 20:21:06.467] [sharedprocess] [info] Scanned user extensions: 8
[2018-03-26 20:26:06.599] [sharedprocess] [info] Scanned user extensions: 8
[2018-03-26 20:31:06.747] [sharedprocess] [info] Scanned user extensions: 8
[2018-03-26 20:36:07.029] [sharedprocess] [info] Scanned user extensions: 8
[2018-03-26 20:41:12.243] [sharedprocess] [info] Scanned user extensions: 8
[2018-03-26 20:46:14.382] [sharedprocess] [info] Scanned user extensions: 8
[2018-03-26 20:51:19.521] [sharedprocess] [info] Scanned user extensions: 8
[2018-03-26 20:56:33.882] [sharedprocess] [info] Scanned user extensions: 8
[2018-03-26 21:01:45.592] [sharedprocess] [info] Scanned user extensions: 8
[2018-03-26 21:06:50.728] [sharedprocess] [info] Scanned user extensions: 8
[2018-03-26 21:11:51.378] [sharedprocess] [info] Scanned user extensions: 8
[2018-03-26 21:16:51.516] [sharedprocess] [info] Scanned user extensions: 8
[2018-03-26 21:22:09.645] [sharedprocess] [info] Scanned user extensions: 8
[2018-03-26 21:27:09.821] [sharedprocess] [info] Scanned user extensions: 8
[2018-03-26 21:32:09.960] [sharedprocess] [info] Scanned user extensions: 8
[2018-03-26 21:37:21.447] [sharedprocess] [info] Scanned user extensions: 8
[2018-03-26 21:42:21.589] [sharedprocess] [info] Scanned user extensions: 8
[2018-03-26 21:47:21.740] [sharedprocess] [info] Scanned user extensions: 8
[2018-03-26 21:52:21.882] [sharedprocess] [info] Scanned user extensions: 8
[2018-03-26 21:57:22.015] [sharedprocess] [info] Scanned user extensions: 8
[2018-03-26 22:02:25.438] [sharedprocess] [info] Scanned user extensions: 8
[2018-03-26 22:07:25.589] [sharedprocess] [info] Scanned user extensions: 8
[2018-03-26 22:12:40.837] [sharedprocess] [info] Scanned user extensions: 8
[2018-03-26 22:13:43.356] [sharedprocess] [info] Scanned user extensions: 8
[2018-03-26 22:15:43.061] [sharedprocess] [info] Scanned user extensions: 8
[2018-03-26 22:17:41.025] [sharedprocess] [info] Scanned user extensions: 8
[2018-03-26 22:22:41.189] [sharedprocess] [info] Scanned user extensions: 8
[2018-03-26 22:22:45.946] [sharedprocess] [info] Scanned user extensions: 8
[2018-03-26 22:23:34.309] [sharedprocess] [info] Scanned user extensions: 8
[2018-03-26 22:27:56.473] [sharedprocess] [info] Scanned user extensions: 8
[2018-03-26 22:33:11.687] [sharedprocess] [info] Scanned user extensions: 8
