##########Linting Output - pylint##########
##########Linting Output - pylint##########
No config file found, using default configuration

--------------------------------------------------------------------
Your code has been rated at 10.00/10 (previous run: 10.00/10, +0.00)

##########Linting Output - pylint##########
No config file found, using default configuration

--------------------------------------------------------------------
Your code has been rated at 10.00/10 (previous run: 10.00/10, +0.00)

##########Linting Output - pylint##########
No config file found, using default configuration

--------------------------------------------------------------------
Your code has been rated at 10.00/10 (previous run: 10.00/10, +0.00)

##########Linting Output - pylint##########
No config file found, using default configuration

--------------------------------------------------------------------
Your code has been rated at 10.00/10 (previous run: 10.00/10, +0.00)

##########Linting Output - pylint##########
No config file found, using default configuration

--------------------------------------------------------------------
Your code has been rated at 10.00/10 (previous run: 10.00/10, +0.00)

##########Linting Output - pylint##########
No config file found, using default configuration

--------------------------------------------------------------------
Your code has been rated at 10.00/10 (previous run: 10.00/10, +0.00)

##########Linting Output - pylint##########
No config file found, using default configuration

--------------------------------------------------------------------
Your code has been rated at 10.00/10 (previous run: 10.00/10, +0.00)

##########Linting Output - pylint##########
No config file found, using default configuration

--------------------------------------------------------------------
Your code has been rated at 10.00/10 (previous run: 10.00/10, +0.00)

##########Linting Output - pylint##########
No config file found, using default configuration

--------------------------------------------------------------------
Your code has been rated at 10.00/10 (previous run: 10.00/10, +0.00)

##########Linting Output - pylint##########
No config file found, using default configuration

--------------------------------------------------------------------
Your code has been rated at 10.00/10 (previous run: 10.00/10, +0.00)

##########Linting Output - pylint##########
No config file found, using default configuration

--------------------------------------------------------------------
Your code has been rated at 10.00/10 (previous run: 10.00/10, +0.00)

##########Linting Output - pylint##########
No config file found, using default configuration

--------------------------------------------------------------------
Your code has been rated at 10.00/10 (previous run: 10.00/10, +0.00)

##########Linting Output - pylint##########
No config file found, using default configuration

--------------------------------------------------------------------
Your code has been rated at 10.00/10 (previous run: 10.00/10, +0.00)

##########Linting Output - pylint##########
No config file found, using default configuration

--------------------------------------------------------------------
Your code has been rated at 10.00/10 (previous run: 10.00/10, +0.00)

##########Linting Output - pylint##########
No config file found, using default configuration

--------------------------------------------------------------------
Your code has been rated at 10.00/10 (previous run: 10.00/10, +0.00)

##########Linting Output - pylint##########
No config file found, using default configuration

--------------------------------------------------------------------
Your code has been rated at 10.00/10 (previous run: 10.00/10, +0.00)

##########Linting Output - pylint##########
No config file found, using default configuration

--------------------------------------------------------------------
Your code has been rated at 10.00/10 (previous run: 10.00/10, +0.00)

##########Linting Output - pylint##########
No config file found, using default configuration

--------------------------------------------------------------------
Your code has been rated at 10.00/10 (previous run: 10.00/10, +0.00)

##########Linting Output - pylint##########
No config file found, using default configuration

--------------------------------------------------------------------
Your code has been rated at 10.00/10 (previous run: 10.00/10, +0.00)

##########Linting Output - pylint##########
No config file found, using default configuration
##########Linting Output - pylint##########
No config file found, using default configuration
************* Module config
9,0,error,E0001:unexpected unindent (<string>, line 9)
##########Linting Output - pylint##########
No config file found, using default configuration

------------------------------------
Your code has been rated at 10.00/10

##########Linting Output - pylint##########
No config file found, using default configuration
************* Module config
7,8,error,E0602:Undefined variable 'RocketConfig'
8,8,error,E0602:Undefined variable 'AtackAircraftConfig'
9,8,error,E0602:Undefined variable 'TargetAircraftConfig'

-------------------------------------------------------------------
Your code has been rated at 6.43/10 (previous run: 10.00/10, -3.57)

##########Linting Output - pylint##########
No config file found, using default configuration
************* Module config
7,8,error,E1120:No value for argument 'self' in staticmethod call
7,8,error,E1120:No value for argument 'root' in staticmethod call
8,8,error,E1120:No value for argument 'self' in staticmethod call
8,8,error,E1120:No value for argument 'root' in staticmethod call
9,8,error,E1120:No value for argument 'self' in staticmethod call
9,8,error,E1120:No value for argument 'root' in staticmethod call

------------------------------------------------------------------
Your code has been rated at 2.86/10 (previous run: 6.43/10, -3.57)

##########Linting Output - pylint##########
No config file found, using default configuration
************* Module config
8,8,error,E1120:No value for argument 'root' in staticmethod call
9,8,error,E1120:No value for argument 'root' in staticmethod call
10,8,error,E1120:No value for argument 'root' in staticmethod call

------------------------------------------------------------------
Your code has been rated at 6.51/10 (previous run: 2.86/10, +3.65)

##########Linting Output - pylint##########
No config file found, using default configuration
************* Module config
20,8,error,E0602:Undefined variable 'self'
21,8,error,E0602:Undefined variable 'self'
22,8,error,E0602:Undefined variable 'self'
23,8,error,E0602:Undefined variable 'self'
24,8,error,E0602:Undefined variable 'self'
25,8,error,E0602:Undefined variable 'self'
26,8,error,E0602:Undefined variable 'self'
27,8,error,E0602:Undefined variable 'self'
28,8,error,E0602:Undefined variable 'self'
35,8,error,E0602:Undefined variable 'self'
36,8,error,E0602:Undefined variable 'self'
37,8,error,E0602:Undefined variable 'self'
38,8,error,E0602:Undefined variable 'self'
39,8,error,E0602:Undefined variable 'self'
40,8,error,E0602:Undefined variable 'self'
41,8,error,E0602:Undefined variable 'self'
42,8,error,E0602:Undefined variable 'self'
43,8,error,E0602:Undefined variable 'self'
50,8,error,E0602:Undefined variable 'self'
51,8,error,E0602:Undefined variable 'self'
52,8,error,E0602:Undefined variable 'self'
53,8,error,E0602:Undefined variable 'self'
54,8,error,E0602:Undefined variable 'self'
55,8,error,E0602:Undefined variable 'self'
56,8,error,E0602:Undefined variable 'self'
57,8,error,E0602:Undefined variable 'self'
58,8,error,E0602:Undefined variable 'self'

---------------------------------------------------------------------
Your code has been rated at -21.40/10 (previous run: 6.51/10, -27.91)

##########Linting Output - pylint##########
No config file found, using default configuration
************* Module config
21,8,error,E0602:Undefined variable 'self'
22,8,error,E0602:Undefined variable 'self'
23,8,error,E0602:Undefined variable 'self'
24,8,error,E0602:Undefined variable 'self'
25,8,error,E0602:Undefined variable 'self'
26,8,error,E0602:Undefined variable 'self'
27,8,error,E0602:Undefined variable 'self'
28,8,error,E0602:Undefined variable 'self'
35,8,error,E0602:Undefined variable 'self'
36,8,error,E0602:Undefined variable 'self'
37,8,error,E0602:Undefined variable 'self'
38,8,error,E0602:Undefined variable 'self'
39,8,error,E0602:Undefined variable 'self'
40,8,error,E0602:Undefined variable 'self'
41,8,error,E0602:Undefined variable 'self'
42,8,error,E0602:Undefined variable 'self'
43,8,error,E0602:Undefined variable 'self'
50,8,error,E0602:Undefined variable 'self'
51,8,error,E0602:Undefined variable 'self'
52,8,error,E0602:Undefined variable 'self'
53,8,error,E0602:Undefined variable 'self'
54,8,error,E0602:Undefined variable 'self'
55,8,error,E0602:Undefined variable 'self'
56,8,error,E0602:Undefined variable 'self'
57,8,error,E0602:Undefined variable 'self'
58,8,error,E0602:Undefined variable 'self'

----------------------------------------------------------------------
Your code has been rated at -20.23/10 (previous run: -21.40/10, +1.16)

##########Linting Output - pylint##########
No config file found, using default configuration
************* Module config
35,8,error,E0602:Undefined variable 'self'
36,8,error,E0602:Undefined variable 'self'
37,8,error,E0602:Undefined variable 'self'
38,8,error,E0602:Undefined variable 'self'
39,8,error,E0602:Undefined variable 'self'
40,8,error,E0602:Undefined variable 'self'
41,8,error,E0602:Undefined variable 'self'
42,8,error,E0602:Undefined variable 'self'
43,8,error,E0602:Undefined variable 'self'
50,8,error,E0602:Undefined variable 'self'
51,8,error,E0602:Undefined variable 'self'
52,8,error,E0602:Undefined variable 'self'
53,8,error,E0602:Undefined variable 'self'
54,8,error,E0602:Undefined variable 'self'
55,8,error,E0602:Undefined variable 'self'
56,8,error,E0602:Undefined variable 'self'
57,8,error,E0602:Undefined variable 'self'
58,8,error,E0602:Undefined variable 'self'

----------------------------------------------------------------------
Your code has been rated at -10.93/10 (previous run: -20.23/10, +9.30)

##########Linting Output - pylint##########
No config file found, using default configuration
************* Module config
50,8,error,E0602:Undefined variable 'self'
51,8,error,E0602:Undefined variable 'self'
52,8,error,E0602:Undefined variable 'self'
53,8,error,E0602:Undefined variable 'self'
54,8,error,E0602:Undefined variable 'self'
55,8,error,E0602:Undefined variable 'self'
56,8,error,E0602:Undefined variable 'self'
57,8,error,E0602:Undefined variable 'self'
58,8,error,E0602:Undefined variable 'self'

----------------------------------------------------------------------
Your code has been rated at -0.47/10 (previous run: -10.93/10, +10.47)

##########Linting Output - pylint##########
No config file found, using default configuration

---------------------------------------------------------------------
Your code has been rated at 10.00/10 (previous run: -0.47/10, +10.47)

##########Linting Output - pylint##########
No config file found, using default configuration
************* Module config
8,8,error,E0602:Undefined variable 'RocketConfig'
9,8,error,E0602:Undefined variable 'AtackAircraftConfig'
10,8,error,E0602:Undefined variable 'TargetAircraftConfig'
20,12,error,E0602:Undefined variable 'RocketConfig'
21,12,error,E0602:Undefined variable 'RocketConfig'
22,12,error,E0602:Undefined variable 'RocketConfig'
23,12,error,E0602:Undefined variable 'RocketConfig'
24,12,error,E0602:Undefined variable 'RocketConfig'
25,12,error,E0602:Undefined variable 'RocketConfig'
26,12,error,E0602:Undefined variable 'RocketConfig'
27,12,error,E0602:Undefined variable 'RocketConfig'
28,12,error,E0602:Undefined variable 'RocketConfig'
35,12,error,E0602:Undefined variable 'AtackAircraftConfig'
36,12,error,E0602:Undefined variable 'AtackAircraftConfig'
37,12,error,E0602:Undefined variable 'AtackAircraftConfig'
38,12,error,E0602:Undefined variable 'AtackAircraftConfig'
39,12,error,E0602:Undefined variable 'AtackAircraftConfig'
40,12,error,E0602:Undefined variable 'AtackAircraftConfig'
41,12,error,E0602:Undefined variable 'AtackAircraftConfig'
42,12,error,E0602:Undefined variable 'AtackAircraftConfig'
43,12,error,E0602:Undefined variable 'AtackAircraftConfig'
50,12,error,E0602:Undefined variable 'TargetAircraftConfig'
51,12,error,E0602:Undefined variable 'TargetAircraftConfig'
52,12,error,E0602:Undefined variable 'TargetAircraftConfig'
53,12,error,E0602:Undefined variable 'TargetAircraftConfig'
54,12,error,E0602:Undefined variable 'TargetAircraftConfig'
55,12,error,E0602:Undefined variable 'TargetAircraftConfig'
56,12,error,E0602:Undefined variable 'TargetAircraftConfig'
57,12,error,E0602:Undefined variable 'TargetAircraftConfig'
58,12,error,E0602:Undefined variable 'TargetAircraftConfig'

----------------------------------------------------------------------
Your code has been rated at -24.88/10 (previous run: 10.00/10, -34.88)

##########Linting Output - pylint##########
No config file found, using default configuration

----------------------------------------------------------------------
Your code has been rated at 10.00/10 (previous run: -24.88/10, +34.88)

##########Linting Output - pylint##########
No config file found, using default configuration

--------------------------------------------------------------------
Your code has been rated at 10.00/10 (previous run: 10.00/10, +0.00)

##########Linting Output - pylint##########
No config file found, using default configuration
************* Module config
8,8,error,E0602:Undefined variable 'RocketConfig'
9,8,error,E0602:Undefined variable 'AtackAircraftConfig'
10,8,error,E0602:Undefined variable 'TargetAircraftConfig'
18,12,error,E0602:Undefined variable 'RocketConfig'
19,12,error,E0602:Undefined variable 'RocketConfig'
20,12,error,E0602:Undefined variable 'RocketConfig'
21,12,error,E0602:Undefined variable 'RocketConfig'
22,12,error,E0602:Undefined variable 'RocketConfig'
23,12,error,E0602:Undefined variable 'RocketConfig'
24,12,error,E0602:Undefined variable 'RocketConfig'
25,12,error,E0602:Undefined variable 'RocketConfig'
26,12,error,E0602:Undefined variable 'RocketConfig'
33,12,error,E0602:Undefined variable 'AtackAircraftConfig'
34,12,error,E0602:Undefined variable 'AtackAircraftConfig'
35,12,error,E0602:Undefined variable 'AtackAircraftConfig'
36,12,error,E0602:Undefined variable 'AtackAircraftConfig'
37,12,error,E0602:Undefined variable 'AtackAircraftConfig'
38,12,error,E0602:Undefined variable 'AtackAircraftConfig'
39,12,error,E0602:Undefined variable 'AtackAircraftConfig'
40,12,error,E0602:Undefined variable 'AtackAircraftConfig'
41,12,error,E0602:Undefined variable 'AtackAircraftConfig'
48,12,error,E0602:Undefined variable 'TargetAircraftConfig'
49,12,error,E0602:Undefined variable 'TargetAircraftConfig'
50,12,error,E0602:Undefined variable 'TargetAircraftConfig'
51,12,error,E0602:Undefined variable 'TargetAircraftConfig'
52,12,error,E0602:Undefined variable 'TargetAircraftConfig'
53,12,error,E0602:Undefined variable 'TargetAircraftConfig'
54,12,error,E0602:Undefined variable 'TargetAircraftConfig'
55,12,error,E0602:Undefined variable 'TargetAircraftConfig'
56,12,error,E0602:Undefined variable 'TargetAircraftConfig'

----------------------------------------------------------------------
Your code has been rated at -24.88/10 (previous run: 10.00/10, -34.88)

##########Linting Output - pylint##########
No config file found, using default configuration
************* Module config
9,8,error,E0602:Undefined variable 'AtackAircraftConfig'
10,8,error,E0602:Undefined variable 'TargetAircraftConfig'
18,12,error,E0602:Undefined variable 'RocketConfig'
19,12,error,E0602:Undefined variable 'RocketConfig'
20,12,error,E0602:Undefined variable 'RocketConfig'
21,12,error,E0602:Undefined variable 'RocketConfig'
22,12,error,E0602:Undefined variable 'RocketConfig'
23,12,error,E0602:Undefined variable 'RocketConfig'
24,12,error,E0602:Undefined variable 'RocketConfig'
25,12,error,E0602:Undefined variable 'RocketConfig'
26,12,error,E0602:Undefined variable 'RocketConfig'
33,12,error,E0602:Undefined variable 'AtackAircraftConfig'
34,12,error,E0602:Undefined variable 'AtackAircraftConfig'
35,12,error,E0602:Undefined variable 'AtackAircraftConfig'
36,12,error,E0602:Undefined variable 'AtackAircraftConfig'
37,12,error,E0602:Undefined variable 'AtackAircraftConfig'
38,12,error,E0602:Undefined variable 'AtackAircraftConfig'
39,12,error,E0602:Undefined variable 'AtackAircraftConfig'
40,12,error,E0602:Undefined variable 'AtackAircraftConfig'
41,12,error,E0602:Undefined variable 'AtackAircraftConfig'
48,12,error,E0602:Undefined variable 'TargetAircraftConfig'
49,12,error,E0602:Undefined variable 'TargetAircraftConfig'
50,12,error,E0602:Undefined variable 'TargetAircraftConfig'
51,12,error,E0602:Undefined variable 'TargetAircraftConfig'
52,12,error,E0602:Undefined variable 'TargetAircraftConfig'
53,12,error,E0602:Undefined variable 'TargetAircraftConfig'
54,12,error,E0602:Undefined variable 'TargetAircraftConfig'
55,12,error,E0602:Undefined variable 'TargetAircraftConfig'
56,12,error,E0602:Undefined variable 'TargetAircraftConfig'

----------------------------------------------------------------------
Your code has been rated at -23.72/10 (previous run: -24.88/10, +1.16)

##########Linting Output - pylint##########
No config file found, using default configuration
************* Module config
33,12,error,E0602:Undefined variable 'AtackAircraftConfig'
34,12,error,E0602:Undefined variable 'AtackAircraftConfig'
35,12,error,E0602:Undefined variable 'AtackAircraftConfig'
36,12,error,E0602:Undefined variable 'AtackAircraftConfig'
37,12,error,E0602:Undefined variable 'AtackAircraftConfig'
38,12,error,E0602:Undefined variable 'AtackAircraftConfig'
39,12,error,E0602:Undefined variable 'AtackAircraftConfig'
40,12,error,E0602:Undefined variable 'AtackAircraftConfig'
41,12,error,E0602:Undefined variable 'AtackAircraftConfig'
48,12,error,E0602:Undefined variable 'TargetAircraftConfig'
49,12,error,E0602:Undefined variable 'TargetAircraftConfig'
50,12,error,E0602:Undefined variable 'TargetAircraftConfig'
51,12,error,E0602:Undefined variable 'TargetAircraftConfig'
52,12,error,E0602:Undefined variable 'TargetAircraftConfig'
53,12,error,E0602:Undefined variable 'TargetAircraftConfig'
54,12,error,E0602:Undefined variable 'TargetAircraftConfig'
55,12,error,E0602:Undefined variable 'TargetAircraftConfig'
56,12,error,E0602:Undefined variable 'TargetAircraftConfig'

-----------------------------------------------------------------------
Your code has been rated at -10.93/10 (previous run: -23.72/10, +12.79)

##########Linting Output - pylint##########
No config file found, using default configuration

----------------------------------------------------------------------
Your code has been rated at 10.00/10 (previous run: -10.93/10, +20.93)

##########Linting Output - pylint##########
No config file found, using default configuration

--------------------------------------------------------------------
Your code has been rated at 10.00/10 (previous run: 10.00/10, +0.00)

##########Linting Output - pylint##########
No config file found, using default configuration

--------------------------------------------------------------------
Your code has been rated at 10.00/10 (previous run: 10.00/10, +0.00)

##########Linting Output - pylint##########
No config file found, using default configuration

--------------------------------------------------------------------
Your code has been rated at 10.00/10 (previous run: 10.00/10, +0.00)

##########Linting Output - pylint##########
No config file found, using default configuration

--------------------------------------------------------------------
Your code has been rated at 10.00/10 (previous run: 10.00/10, +0.00)

##########Linting Output - pylint##########
No config file found, using default configuration

--------------------------------------------------------------------
Your code has been rated at 10.00/10 (previous run: 10.00/10, +0.00)

##########Linting Output - pylint##########
No config file found, using default configuration

--------------------------------------------------------------------
Your code has been rated at 10.00/10 (previous run: 10.00/10, +0.00)

##########Linting Output - pylint##########
No config file found, using default configuration

--------------------------------------------------------------------
Your code has been rated at 10.00/10 (previous run: 10.00/10, +0.00)

##########Linting Output - pylint##########
No config file found, using default configuration
************* Module config
18,45,error,E1101:Instance of 'float' has no 'text' member
19,52,error,E1101:Instance of 'float' has no 'text' member
20,50,error,E1101:Instance of 'float' has no 'text' member
21,36,error,E1101:Instance of 'float' has no 'text' member
22,36,error,E1101:Instance of 'float' has no 'text' member
23,36,error,E1101:Instance of 'float' has no 'text' member
24,37,error,E1101:Instance of 'float' has no 'text' member
25,37,error,E1101:Instance of 'float' has no 'text' member
26,37,error,E1101:Instance of 'float' has no 'text' member
33,52,error,E1101:Instance of 'float' has no 'text' member
34,59,error,E1101:Instance of 'float' has no 'text' member
35,57,error,E1101:Instance of 'float' has no 'text' member
36,43,error,E1101:Instance of 'float' has no 'text' member
37,43,error,E1101:Instance of 'float' has no 'text' member
38,43,error,E1101:Instance of 'float' has no 'text' member
39,44,error,E1101:Instance of 'float' has no 'text' member
40,44,error,E1101:Instance of 'float' has no 'text' member
41,44,error,E1101:Instance of 'float' has no 'text' member
48,53,error,E1101:Instance of 'float' has no 'text' member
49,60,error,E1101:Instance of 'float' has no 'text' member
50,58,error,E1101:Instance of 'float' has no 'text' member
51,44,error,E1101:Instance of 'float' has no 'text' member
52,44,error,E1101:Instance of 'float' has no 'text' member
53,44,error,E1101:Instance of 'float' has no 'text' member
54,45,error,E1101:Instance of 'float' has no 'text' member
55,45,error,E1101:Instance of 'float' has no 'text' member
56,45,error,E1101:Instance of 'float' has no 'text' member

----------------------------------------------------------------------
Your code has been rated at -21.40/10 (previous run: 10.00/10, -31.40)

##########Linting Output - pylint##########
No config file found, using default configuration
************* Module config
18,45,error,E1101:Instance of 'float' has no 'text' member
19,52,error,E1101:Instance of 'float' has no 'text' member
20,50,error,E1101:Instance of 'float' has no 'text' member
21,36,error,E1101:Instance of 'float' has no 'text' member
22,36,error,E1101:Instance of 'float' has no 'text' member
23,36,error,E1101:Instance of 'float' has no 'text' member
24,37,error,E1101:Instance of 'float' has no 'text' member
25,37,error,E1101:Instance of 'float' has no 'text' member
26,37,error,E1101:Instance of 'float' has no 'text' member
33,52,error,E1101:Instance of 'float' has no 'text' member
34,59,error,E1101:Instance of 'float' has no 'text' member
35,57,error,E1101:Instance of 'float' has no 'text' member
36,43,error,E1101:Instance of 'float' has no 'text' member
37,43,error,E1101:Instance of 'float' has no 'text' member
38,43,error,E1101:Instance of 'float' has no 'text' member
39,44,error,E1101:Instance of 'float' has no 'text' member
40,44,error,E1101:Instance of 'float' has no 'text' member
41,44,error,E1101:Instance of 'float' has no 'text' member

-----------------------------------------------------------------------
Your code has been rated at -10.93/10 (previous run: -21.40/10, +10.47)

##########Linting Output - pylint##########
No config file found, using default configuration

----------------------------------------------------------------------
Your code has been rated at 10.00/10 (previous run: -10.93/10, +20.93)

##########Linting Output - pylint##########
No config file found, using default configuration
************* Module main
37,4,warning,W0612:Unused variable 'aX'

-------------------------------------------------------------------
Your code has been rated at 9.71/10 (previous run: 10.00/10, -0.29)

##########Linting Output - pylint##########
No config file found, using default configuration

--------------------------------------------------------------------
Your code has been rated at 10.00/10 (previous run: 10.00/10, +0.00)

##########Linting Output - pylint##########
No config file found, using default configuration

--------------------------------------------------------------------
Your code has been rated at 10.00/10 (previous run: 10.00/10, +0.00)

##########Linting Output - pylint##########
No config file found, using default configuration
************* Module main
37,4,warning,W0612:Unused variable 'aX'

------------------------------------------------------------------
Your code has been rated at 9.71/10 (previous run: 9.71/10, +0.00)

##########Linting Output - pylint##########
No config file found, using default configuration
************* Module main
38,0,error,E0001:invalid syntax (<string>, line 38)
##########Linting Output - pylint##########
No config file found, using default configuration

-------------------------------------------------------------------
Your code has been rated at 10.00/10 (previous run: 9.71/10, +0.29)

##########Linting Output - pylint##########
No config file found, using default configuration

--------------------------------------------------------------------
Your code has been rated at 10.00/10 (previous run: 10.00/10, +0.00)

##########Linting Output - pylint##########
No config file found, using default configuration
************* Module main
50,21,error,E1121:Too many positional arguments for constructor call

-------------------------------------------------------------------
Your code has been rated at 8.57/10 (previous run: 10.00/10, -1.43)

##########Linting Output - pylint##########
No config file found, using default configuration

-------------------------------------------------------------------
Your code has been rated at 10.00/10 (previous run: 8.57/10, +1.43)

##########Linting Output - pylint##########
No config file found, using default configuration
************* Module config
44,63,error,E1101:Instance of 'str' has no 'text' member

-------------------------------------------------------------------
Your code has been rated at 8.94/10 (previous run: 10.00/10, -1.06)

##########Linting Output - pylint##########
No config file found, using default configuration
************* Module main
29,4,warning,W0612:Unused variable 'rocket_thrust'
34,4,warning,W0612:Unused variable 'rX'
53,8,warning,W0612:Unused variable 'i'

-------------------------------------------------------------------
Your code has been rated at 9.14/10 (previous run: 10.00/10, -0.86)

##########Linting Output - pylint##########
No config file found, using default configuration

-------------------------------------------------------------------
Your code has been rated at 10.00/10 (previous run: 8.94/10, +1.06)

##########Linting Output - pylint##########
No config file found, using default configuration
************* Module main
29,4,warning,W0612:Unused variable 'rocket_thrust'
53,8,warning,W0612:Unused variable 'i'

------------------------------------------------------------------
Your code has been rated at 9.43/10 (previous run: 9.14/10, +0.29)

##########Linting Output - pylint##########
No config file found, using default configuration
************* Module main
52,8,warning,W0612:Unused variable 'i'

------------------------------------------------------------------
Your code has been rated at 9.71/10 (previous run: 9.43/10, +0.28)

##########Linting Output - pylint##########
No config file found, using default configuration
************* Module config
68,0,error,E0001:invalid syntax (<string>, line 68)
##########Linting Output - pylint##########
No config file found, using default configuration

--------------------------------------------------------------------
Your code has been rated at 10.00/10 (previous run: 10.00/10, +0.00)

##########Linting Output - pylint##########
No config file found, using default configuration
************* Module main
52,8,warning,W0612:Unused variable 'i'

------------------------------------------------------------------
Your code has been rated at 9.71/10 (previous run: 9.71/10, +0.00)

##########Linting Output - pylint##########
No config file found, using default configuration

--------------------------------------------------------------------
Your code has been rated at 10.00/10 (previous run: 10.00/10, +0.00)

##########Linting Output - pylint##########
No config file found, using default configuration
************* Module main
52,8,warning,W0612:Unused variable 'i'

------------------------------------------------------------------
Your code has been rated at 9.75/10 (previous run: 9.71/10, +0.04)

##########Linting Output - pylint##########
No config file found, using default configuration
************* Module main
52,8,warning,W0612:Unused variable 'i'

------------------------------------------------------------------
Your code has been rated at 9.75/10 (previous run: 9.75/10, +0.00)

##########Linting Output - pylint##########
No config file found, using default configuration
************* Module main
52,8,warning,W0612:Unused variable 'i'

------------------------------------------------------------------
Your code has been rated at 9.76/10 (previous run: 9.75/10, +0.01)

##########Linting Output - pylint##########
No config file found, using default configuration
************* Module main
52,8,warning,W0612:Unused variable 'i'

------------------------------------------------------------------
Your code has been rated at 9.76/10 (previous run: 9.76/10, +0.00)

##########Linting Output - pylint##########
No config file found, using default configuration
************* Module main
52,8,warning,W0612:Unused variable 'i'

------------------------------------------------------------------
Your code has been rated at 9.76/10 (previous run: 9.76/10, +0.00)

##########Linting Output - pylint##########
No config file found, using default configuration
************* Module main
52,8,warning,W0612:Unused variable 'i'

------------------------------------------------------------------
Your code has been rated at 9.76/10 (previous run: 9.76/10, +0.00)

##########Linting Output - pylint##########
No config file found, using default configuration
************* Module main
52,8,warning,W0612:Unused variable 'i'

------------------------------------------------------------------
Your code has been rated at 9.76/10 (previous run: 9.76/10, +0.00)

##########Linting Output - pylint##########
No config file found, using default configuration
************* Module main
52,8,warning,W0612:Unused variable 'i'

------------------------------------------------------------------
Your code has been rated at 9.76/10 (previous run: 9.76/10, +0.00)

##########Linting Output - pylint##########
No config file found, using default configuration
************* Module main
52,8,warning,W0612:Unused variable 'i'

------------------------------------------------------------------
Your code has been rated at 9.76/10 (previous run: 9.76/10, +0.00)

##########Linting Output - pylint##########
No config file found, using default configuration
************* Module main
32,8,warning,W0612:Unused variable 'i'

------------------------------------------------------------------
Your code has been rated at 9.73/10 (previous run: 9.76/10, -0.03)

