Looking for git in: git
Using git 2.10.2 from git
git rev-parse --show-toplevel
git config --get commit.template
git status -z -u
git show :code/MathClasses.py
git symbolic-ref --short HEAD
git rev-parse master
git rev-parse --symbolic-full-name --abbrev-ref master@{u}
fatal: no upstream configured for branch 'master'

git for-each-ref --format %(refname) %(objectname) --sort -committerdate
git remote --verbose
git show :code/MathClasses.py
git status -z -u
git symbolic-ref --short HEAD
git rev-parse master
git rev-parse --symbolic-full-name --abbrev-ref master@{u}
fatal: no upstream configured for branch 'master'

git for-each-ref --format %(refname) %(objectname) --sort -committerdate
git remote --verbose
git show :code/MathClasses.py
git check-ignore -z --stdin
git status -z -u
git symbolic-ref --short HEAD
git rev-parse master
git rev-parse --symbolic-full-name --abbrev-ref master@{u}
fatal: no upstream configured for branch 'master'

git for-each-ref --format %(refname) %(objectname) --sort -committerdate
git remote --verbose
git status -z -u
git symbolic-ref --short HEAD
git rev-parse master
git rev-parse --symbolic-full-name --abbrev-ref master@{u}
fatal: no upstream configured for branch 'master'

git for-each-ref --format %(refname) %(objectname) --sort -committerdate
git remote --verbose
git show :code/MathClasses.py
git show :code/testin.py
git check-ignore -z --stdin
git status -z -u
git symbolic-ref --short HEAD
git rev-parse master
git rev-parse --symbolic-full-name --abbrev-ref master@{u}
fatal: no upstream configured for branch 'master'

git for-each-ref --format %(refname) %(objectname) --sort -committerdate
git remote --verbose
git status -z -u
git symbolic-ref --short HEAD
git rev-parse master
git rev-parse --symbolic-full-name --abbrev-ref master@{u}
fatal: no upstream configured for branch 'master'

git for-each-ref --format %(refname) %(objectname) --sort -committerdate
git remote --verbose
git show :code/testin.py
git status -z -u
git symbolic-ref --short HEAD
git rev-parse master
git rev-parse --symbolic-full-name --abbrev-ref master@{u}
fatal: no upstream configured for branch 'master'

git for-each-ref --format %(refname) %(objectname) --sort -committerdate
git remote --verbose
git status -z -u
git symbolic-ref --short HEAD
git rev-parse master
git rev-parse --symbolic-full-name --abbrev-ref master@{u}
fatal: no upstream configured for branch 'master'

git for-each-ref --format %(refname) %(objectname) --sort -committerdate
git remote --verbose
git show :code/testin.py
git status -z -u
git symbolic-ref --short HEAD
git rev-parse master
git rev-parse --symbolic-full-name --abbrev-ref master@{u}
fatal: no upstream configured for branch 'master'

git for-each-ref --format %(refname) %(objectname) --sort -committerdate
git remote --verbose
git status -z -u
git symbolic-ref --short HEAD
git rev-parse master
git rev-parse --symbolic-full-name --abbrev-ref master@{u}
fatal: no upstream configured for branch 'master'

git for-each-ref --format %(refname) %(objectname) --sort -committerdate
git remote --verbose
git status -z -u
git symbolic-ref --short HEAD
git rev-parse master
git rev-parse --symbolic-full-name --abbrev-ref master@{u}
fatal: no upstream configured for branch 'master'

git for-each-ref --format %(refname) %(objectname) --sort -committerdate
git remote --verbose
git show :code/testin.py
git status -z -u
git symbolic-ref --short HEAD
git rev-parse master
git rev-parse --symbolic-full-name --abbrev-ref master@{u}
fatal: no upstream configured for branch 'master'

git for-each-ref --format %(refname) %(objectname) --sort -committerdate
git remote --verbose
git show :code/testin.py
git status -z -u
git symbolic-ref --short HEAD
git rev-parse master
git rev-parse --symbolic-full-name --abbrev-ref master@{u}
fatal: no upstream configured for branch 'master'

git for-each-ref --format %(refname) %(objectname) --sort -committerdate
git remote --verbose
