##########Linting Output - pylint##########
##########Linting Output - pylint##########
##########Linting Output - pylint##########
No config file found, using default configuration

--------------------------------------------------------------------
Your code has been rated at 10.00/10 (previous run: 10.00/10, +0.00)

##########Linting Output - pylint##########
No config file found, using default configuration

--------------------------------------------------------------------
Your code has been rated at 10.00/10 (previous run: 10.00/10, +0.00)

##########Linting Output - pylint##########
No config file found, using default configuration

--------------------------------------------------------------------
Your code has been rated at 10.00/10 (previous run: 10.00/10, +0.00)

##########Linting Output - pylint##########
No config file found, using default configuration

--------------------------------------------------------------------
Your code has been rated at 10.00/10 (previous run: 10.00/10, +0.00)

##########Linting Output - pylint##########
No config file found, using default configuration
************* Module MathClasses
28,29,error,E0602:Undefined variable 'phi'
28,51,error,E0602:Undefined variable 'phi'
28,85,error,E0602:Undefined variable 'phi'
28,106,error,E0602:Undefined variable 'phi'
28,140,error,E0602:Undefined variable 'phi'

---------------------------------------------------------------------
Your code has been rated at -4.71/10 (previous run: 10.00/10, -14.71)

##########Linting Output - pylint##########
No config file found, using default configuration

---------------------------------------------------------------------
Your code has been rated at 10.00/10 (previous run: -4.71/10, +14.71)

##########Linting Output - pylint##########
No config file found, using default configuration

--------------------------------------------------------------------
Your code has been rated at 10.00/10 (previous run: 10.00/10, +0.00)

##########Linting Output - pylint##########
No config file found, using default configuration

--------------------------------------------------------------------
Your code has been rated at 10.00/10 (previous run: 10.00/10, +0.00)

