##########Linting Output - pylint##########
##########Linting Output - pylint##########
No config file found, using default configuration
************* Module main
32,8,warning,W0612:Unused variable 'i'

------------------------------------------------------------------
Your code has been rated at 9.73/10 (previous run: 9.73/10, +0.00)

##########Linting Output - pylint##########
No config file found, using default configuration

--------------------------------------------------------------------
Your code has been rated at 10.00/10 (previous run: 10.00/10, +0.00)

##########Linting Output - pylint##########
No config file found, using default configuration

--------------------------------------------------------------------
Your code has been rated at 10.00/10 (previous run: 10.00/10, +0.00)

##########Linting Output - pylint##########
No config file found, using default configuration
************* Module main
32,8,warning,W0612:Unused variable 'i'

------------------------------------------------------------------
Your code has been rated at 9.73/10 (previous run: 9.73/10, +0.00)

##########Linting Output - pylint##########
No config file found, using default configuration
************* Module main
32,8,warning,W0612:Unused variable 'i'

------------------------------------------------------------------
Your code has been rated at 9.73/10 (previous run: 9.73/10, +0.00)

##########Linting Output - pylint##########
No config file found, using default configuration

--------------------------------------------------------------------
Your code has been rated at 10.00/10 (previous run: 10.00/10, +0.00)

