##########Linting Output - pylint##########
No config file found, using default configuration
************* Module scene
2,0,error,E0401:Unable to import 'integrator.MathModel'

-----------------------------------
Your code has been rated at 6.43/10

##########Linting Output - pylint##########
No config file found, using default configuration

-------------------------------------------------------------------
Your code has been rated at 10.00/10 (previous run: 6.43/10, +3.57)

##########Linting Output - pylint##########
No config file found, using default configuration

------------------------------------
Your code has been rated at 10.00/10

##########Linting Output - pylint##########
No config file found, using default configuration

------------------------------------
Your code has been rated at 10.00/10

##########Linting Output - pylint##########
No config file found, using default configuration

--------------------------------------------------------------------
Your code has been rated at 10.00/10 (previous run: 10.00/10, +0.00)

##########Linting Output - pylint##########
No config file found, using default configuration

--------------------------------------------------------------------
Your code has been rated at 10.00/10 (previous run: 10.00/10, +0.00)

##########Linting Output - pylint##########
No config file found, using default configuration
************* Module MathClasses
4,18,error,E0602:Undefined variable 'np'

-------------------------------------------------------------------
Your code has been rated at 5.45/10 (previous run: 10.00/10, -4.55)

##########Linting Output - pylint##########
No config file found, using default configuration

-------------------------------------------------------------------
Your code has been rated at 10.00/10 (previous run: 5.45/10, +4.55)

##########Linting Output - pylint##########
No config file found, using default configuration

------------------------------------
Your code has been rated at 10.00/10

##########Linting Output - pylint##########
No config file found, using default configuration

------------------------------------
Your code has been rated at 10.00/10

##########Linting Output - pylint##########
No config file found, using default configuration

--------------------------------------------------------------------
Your code has been rated at 10.00/10 (previous run: 10.00/10, +0.00)

##########Linting Output - pylint##########
No config file found, using default configuration

------------------------------------
Your code has been rated at 10.00/10

##########Linting Output - pylint##########
No config file found, using default configuration

--------------------------------------------------------------------
Your code has been rated at 10.00/10 (previous run: 10.00/10, +0.00)

##########Linting Output - pylint##########
No config file found, using default configuration

--------------------------------------------------------------------
Your code has been rated at 10.00/10 (previous run: 10.00/10, +0.00)

##########Linting Output - pylint##########
No config file found, using default configuration
************* Module ex
25,4,warning,W0612:Unused variable 'a'

-------------------------------------------------------------------
Your code has been rated at 9.44/10 (previous run: 10.00/10, -0.56)

##########Linting Output - pylint##########
No config file found, using default configuration

------------------------------------
Your code has been rated at 10.00/10

