##########Linting Output - pylint##########
No config file found, using default configuration
************* Module main
35,8,warning,W0612:Unused variable 'i'

------------------------------------------------------------------
Your code has been rated at 9.82/10 (previous run: 9.82/10, +0.00)

##########Linting Output - pylint##########
No config file found, using default configuration

--------------------------------------------------------------------
Your code has been rated at 10.00/10 (previous run: 10.00/10, +0.00)

##########Linting Output - pylint##########
No config file found, using default configuration
************* Module main
35,8,warning,W0612:Unused variable 'i'

------------------------------------------------------------------
Your code has been rated at 9.83/10 (previous run: 9.82/10, +0.00)

##########Linting Output - pylint##########
No config file found, using default configuration

--------------------------------------------------------------------
Your code has been rated at 10.00/10 (previous run: 10.00/10, +0.00)

##########Linting Output - pylint##########
No config file found, using default configuration
************* Module main
35,8,warning,W0612:Unused variable 'i'

------------------------------------------------------------------
Your code has been rated at 9.82/10 (previous run: 9.83/10, -0.00)

##########Linting Output - pylint##########
No config file found, using default configuration
************* Module main
35,8,warning,W0612:Unused variable 'i'

------------------------------------------------------------------
Your code has been rated at 9.83/10 (previous run: 9.82/10, +0.00)

##########Linting Output - pylint##########
No config file found, using default configuration
************* Module main
35,8,warning,W0612:Unused variable 'i'

------------------------------------------------------------------
Your code has been rated at 9.83/10 (previous run: 9.83/10, +0.00)

##########Linting Output - pylint##########
No config file found, using default configuration
************* Module main
71,0,error,E0001:invalid syntax (<string>, line 71)
##########Linting Output - pylint##########
No config file found, using default configuration
************* Module main
71,0,error,E0001:invalid syntax (<string>, line 71)
##########Linting Output - pylint##########
No config file found, using default configuration
************* Module main
35,8,warning,W0612:Unused variable 'i'
64,4,warning,W0612:Unused variable 'T'

------------------------------------------------------------------
Your code has been rated at 9.66/10 (previous run: 9.83/10, -0.17)

##########Linting Output - pylint##########
No config file found, using default configuration
************* Module main
35,8,warning,W0612:Unused variable 'i'
64,4,warning,W0612:Unused variable 'T'

------------------------------------------------------------------
Your code has been rated at 9.67/10 (previous run: 9.66/10, +0.01)

