##########Linting Output - pylint##########
No config file found, using default configuration

--------------------------------------------------------------------
Your code has been rated at 10.00/10 (previous run: 10.00/10, +0.00)

##########Linting Output - pylint##########
No config file found, using default configuration

--------------------------------------------------------------------
Your code has been rated at 10.00/10 (previous run: 10.00/10, +0.00)

##########Linting Output - pylint##########
No config file found, using default configuration

--------------------------------------------------------------------
Your code has been rated at 10.00/10 (previous run: 10.00/10, +0.00)

##########Linting Output - pylint##########
No config file found, using default configuration

--------------------------------------------------------------------
Your code has been rated at 10.00/10 (previous run: 10.00/10, +0.00)

##########Linting Output - pylint##########
No config file found, using default configuration

--------------------------------------------------------------------
Your code has been rated at 10.00/10 (previous run: 10.00/10, +0.00)

##########Linting Output - pylint##########
No config file found, using default configuration

--------------------------------------------------------------------
Your code has been rated at 10.00/10 (previous run: 10.00/10, +0.00)

##########Linting Output - pylint##########
No config file found, using default configuration

--------------------------------------------------------------------
Your code has been rated at 10.00/10 (previous run: 10.00/10, +0.00)

##########Linting Output - pylint##########
No config file found, using default configuration

--------------------------------------------------------------------
Your code has been rated at 10.00/10 (previous run: 10.00/10, +0.00)

##########Linting Output - pylint##########
No config file found, using default configuration

--------------------------------------------------------------------
Your code has been rated at 10.00/10 (previous run: 10.00/10, +0.00)

##########Linting Output - pylint##########
No config file found, using default configuration

--------------------------------------------------------------------
Your code has been rated at 10.00/10 (previous run: 10.00/10, +0.00)

##########Linting Output - pylint##########
No config file found, using default configuration
************* Module main
35,8,warning,W0612:Unused variable 'i'
64,4,warning,W0612:Unused variable 'T'

------------------------------------------------------------------
Your code has been rated at 9.66/10 (previous run: 9.66/10, +0.00)

##########Linting Output - pylint##########
No config file found, using default configuration

--------------------------------------------------------------------
Your code has been rated at 10.00/10 (previous run: 10.00/10, +0.00)

##########Linting Output - pylint##########
No config file found, using default configuration

--------------------------------------------------------------------
Your code has been rated at 10.00/10 (previous run: 10.00/10, +0.00)

##########Linting Output - pylint##########
No config file found, using default configuration
************* Module main
64,4,warning,W0612:Unused variable 'T'

------------------------------------------------------------------
Your code has been rated at 9.83/10 (previous run: 9.66/10, +0.17)

##########Linting Output - pylint##########
No config file found, using default configuration

--------------------------------------------------------------------
Your code has been rated at 10.00/10 (previous run: 10.00/10, +0.00)

##########Linting Output - pylint##########
No config file found, using default configuration

--------------------------------------------------------------------
Your code has been rated at 10.00/10 (previous run: 10.00/10, +0.00)

##########Linting Output - pylint##########
No config file found, using default configuration
************* Module facility
27,15,error,E1101:Instance of 'BINS' has no 'X' member; maybe '_X'?
36,12,error,E1101:Instance of 'GNSS' has no 'X' member; maybe '_X'?

-------------------------------------------------------------------
Your code has been rated at 7.37/10 (previous run: 10.00/10, -2.63)

##########Linting Output - pylint##########
No config file found, using default configuration
************* Module facility
27,15,error,E1101:Instance of 'BINS' has no 'X' member; maybe '_X'?
36,12,error,E1101:Instance of 'GNSS' has no 'X' member; maybe '_X'?

------------------------------------------------------------------
Your code has been rated at 7.37/10 (previous run: 7.37/10, +0.00)

##########Linting Output - pylint##########
No config file found, using default configuration

-------------------------------------------------------------------
Your code has been rated at 10.00/10 (previous run: 7.37/10, +2.63)

##########Linting Output - pylint##########
No config file found, using default configuration
************* Module facility
32,0,error,E0001:non-default argument follows default argument (<string>, line 32)
##########Linting Output - pylint##########
No config file found, using default configuration
************* Module facility
32,0,error,E0001:non-default argument follows default argument (<string>, line 32)
##########Linting Output - pylint##########
No config file found, using default configuration

--------------------------------------------------------------------
Your code has been rated at 10.00/10 (previous run: 10.00/10, +0.00)

##########Linting Output - pylint##########
No config file found, using default configuration

--------------------------------------------------------------------
Your code has been rated at 10.00/10 (previous run: 10.00/10, +0.00)

##########Linting Output - pylint##########
No config file found, using default configuration
************* Module FlyingVehicles
12,20,error,E1120:No value for argument 'mediator' in constructor call

-------------------------------------------------------------------
Your code has been rated at 9.00/10 (previous run: 10.00/10, -1.00)

##########Linting Output - pylint##########
No config file found, using default configuration

-------------------------------------------------------------------
Your code has been rated at 10.00/10 (previous run: 9.00/10, +1.00)

