[2018-03-24 12:31:45.501] [exthost1] [info] extension host started
[2018-03-24 12:31:45.562] [exthost1] [info] ExtensionService#_doActivateExtension vscode.emmet {"startup":true,"activationEvent":"*"}
[2018-03-24 12:31:45.563] [exthost1] [info] ExtensionService#loadCommonJSModule /usr/share/code/resources/app/extensions/emmet/out/extension
[2018-03-24 12:31:46.040] [exthost1] [info] ExtensionService#_doActivateExtension vscode.git {"startup":true,"activationEvent":"*"}
[2018-03-24 12:31:46.041] [exthost1] [info] ExtensionService#loadCommonJSModule /usr/share/code/resources/app/extensions/git/out/main
[2018-03-24 12:31:46.739] [exthost1] [info] ExtensionService#_doActivateExtension vscode.merge-conflict {"startup":true,"activationEvent":"*"}
[2018-03-24 12:31:46.739] [exthost1] [info] ExtensionService#loadCommonJSModule /usr/share/code/resources/app/extensions/merge-conflict/out/extension
[2018-03-24 12:31:46.804] [exthost1] [info] eager extensions activated
[2018-03-24 12:31:46.812] [exthost1] [info] ExtensionService#_doActivateExtension vscode.python {"startup":false,"activationEvent":"onLanguage:python"}
[2018-03-24 12:31:46.812] [exthost1] [info] ExtensionService#loadCommonJSModule /usr/share/code/resources/app/extensions/python/out/pythonMain
[2018-03-24 12:31:46.835] [exthost1] [info] ExtensionService#_doActivateExtension donjayamanne.jupyter {"startup":false,"activationEvent":"onLanguage:python"}
[2018-03-24 12:31:46.835] [exthost1] [info] ExtensionService#loadCommonJSModule /root/.vscode/extensions/donjayamanne.jupyter-1.1.4/out/src/extension
[2018-03-24 12:31:51.197] [exthost1] [info] ExtensionService#_doActivateExtension ms-python.python {"startup":false,"activationEvent":"onLanguage:python"}
[2018-03-24 12:31:51.197] [exthost1] [info] ExtensionService#loadCommonJSModule /root/.vscode/extensions/ms-python.python-2018.2.1/out/client/extension
[2018-03-24 12:38:14.496] [exthost1] [info] ExtensionService#_doActivateExtension ms-vscode.node-debug2 {"startup":false,"activationEvent":"onDebugInitialConfigurations"}
[2018-03-24 12:38:14.497] [exthost1] [info] ExtensionService#loadCommonJSModule /usr/share/code/resources/app/extensions/ms-vscode.node-debug2/out/src/extension
[2018-03-24 12:38:14.574] [exthost1] [info] ExtensionService#_doActivateExtension ms-vscode.node-debug {"startup":false,"activationEvent":"onDebugInitialConfigurations"}
[2018-03-24 12:38:14.574] [exthost1] [info] ExtensionService#loadCommonJSModule /usr/share/code/resources/app/extensions/ms-vscode.node-debug/out/node/extension/extension.js
[2018-03-24 12:40:46.667] [exthost1] [info] ExtensionService#_doActivateExtension vscode.html {"startup":false,"activationEvent":"onLanguage:html"}
[2018-03-24 12:40:46.667] [exthost1] [info] ExtensionService#loadCommonJSModule /usr/share/code/resources/app/extensions/html/client/out/htmlMain
