[2018-03-23 19:16:57.504] [sharedprocess] [info] main {"machineId":"28ed2bf259d01a7b8889ea5e907ae64140cd0d57eb4440712501abc205fd8642"}
[2018-03-23 19:16:57.855] [sharedprocess] [info] Scanned user extensions: 8
[2018-03-23 19:16:58.556] [sharedprocess] [info] Scanned system extensions: 65
[2018-03-23 19:17:00.926] [sharedprocess] [info] Scanned user extensions: 8
[2018-03-23 19:17:00.932] [sharedprocess] [info] Scanned user extensions: 8
[2018-03-23 19:17:00.947] [sharedprocess] [info] Scanned user extensions: 8
[2018-03-23 19:17:01.064] [sharedprocess] [info] Scanned system extensions: 65
[2018-03-23 19:17:01.073] [sharedprocess] [info] Scanned system extensions: 65
[2018-03-23 19:17:01.347] [sharedprocess] [info] Scanned user extensions: 8
[2018-03-23 19:17:01.356] [sharedprocess] [info] Scanned user extensions: 8
[2018-03-23 19:17:01.399] [sharedprocess] [info] Scanned system extensions: 65
[2018-03-23 19:17:15.320] [sharedprocess] [info] Scanned user extensions: 8
[2018-03-23 19:17:28.322] [sharedprocess] [info] Scanned user extensions: 8
[2018-03-23 19:19:10.934] [sharedprocess] [info] Scanned user extensions: 8
[2018-03-23 19:22:15.476] [sharedprocess] [info] Scanned user extensions: 8
[2018-03-23 19:27:15.628] [sharedprocess] [info] Scanned user extensions: 8
[2018-03-23 19:32:26.772] [sharedprocess] [info] Scanned user extensions: 8
[2018-03-23 19:33:29.462] [sharedprocess] [info] Scanned user extensions: 8
[2018-03-23 19:37:33.493] [sharedprocess] [info] Scanned user extensions: 8
[2018-03-23 19:39:04.249] [sharedprocess] [info] Scanned user extensions: 8
[2018-03-23 19:42:35.080] [sharedprocess] [info] Scanned user extensions: 8
[2018-03-23 19:47:35.238] [sharedprocess] [info] Scanned user extensions: 8
[2018-03-23 19:52:35.381] [sharedprocess] [info] Scanned user extensions: 8
[2018-03-23 19:57:35.607] [sharedprocess] [info] Scanned user extensions: 8
[2018-03-23 19:59:00.693] [sharedprocess] [info] Scanned user extensions: 8
[2018-03-23 20:02:41.885] [sharedprocess] [info] Scanned user extensions: 8
[2018-03-23 20:07:47.040] [sharedprocess] [info] Scanned user extensions: 8
[2018-03-23 20:12:58.203] [sharedprocess] [info] Scanned user extensions: 8
[2018-03-23 20:17:58.346] [sharedprocess] [info] Scanned user extensions: 8
[2018-03-23 20:23:09.582] [sharedprocess] [info] Scanned user extensions: 8
[2018-03-23 20:28:15.718] [sharedprocess] [info] Scanned user extensions: 8
[2018-03-23 20:33:15.873] [sharedprocess] [info] Scanned user extensions: 8
[2018-03-23 20:36:34.443] [sharedprocess] [info] Scanned user extensions: 8
[2018-03-23 20:38:21.034] [sharedprocess] [info] Scanned user extensions: 8
[2018-03-23 20:43:21.206] [sharedprocess] [info] Scanned user extensions: 8
[2018-03-23 20:48:36.382] [sharedprocess] [info] Scanned user extensions: 8
[2018-03-23 20:53:47.557] [sharedprocess] [info] Scanned user extensions: 8
[2018-03-23 20:58:48.368] [sharedprocess] [info] Scanned user extensions: 8
[2018-03-23 21:03:48.605] [sharedprocess] [info] Scanned user extensions: 8
[2018-03-23 21:08:48.804] [sharedprocess] [info] Scanned user extensions: 8
[2018-03-23 21:13:53.943] [sharedprocess] [info] Scanned user extensions: 8
[2018-03-23 21:19:00.078] [sharedprocess] [info] Scanned user extensions: 8
[2018-03-23 21:24:00.474] [sharedprocess] [info] Scanned user extensions: 8
[2018-03-23 21:29:05.634] [sharedprocess] [info] Scanned user extensions: 8
[2018-03-23 21:34:20.814] [sharedprocess] [info] Scanned user extensions: 8
[2018-03-23 21:39:36.063] [sharedprocess] [info] Scanned user extensions: 8
[2018-03-23 21:44:36.222] [sharedprocess] [info] Scanned user extensions: 8
[2018-03-23 21:49:41.428] [sharedprocess] [info] Scanned user extensions: 8
[2018-03-23 21:54:41.576] [sharedprocess] [info] Scanned user extensions: 8
[2018-03-23 21:57:51.953] [sharedprocess] [info] Scanned user extensions: 8
[2018-03-23 21:59:41.822] [sharedprocess] [info] Scanned user extensions: 8
[2018-03-23 22:04:57.064] [sharedprocess] [info] Scanned user extensions: 8
[2018-03-23 22:05:18.911] [sharedprocess] [info] Scanned user extensions: 8
[2018-03-23 22:05:25.663] [sharedprocess] [info] Scanned user extensions: 8
[2018-03-23 22:05:35.153] [sharedprocess] [info] Scanned user extensions: 8
[2018-03-23 22:10:12.225] [sharedprocess] [info] Scanned user extensions: 8
[2018-03-23 22:15:15.224] [sharedprocess] [info] Scanned user extensions: 8
[2018-03-23 22:20:15.364] [sharedprocess] [info] Scanned user extensions: 8
[2018-03-23 22:26:05.441] [sharedprocess] [info] Scanned user extensions: 8
[2018-03-23 22:31:45.510] [sharedprocess] [info] Scanned user extensions: 8
[2018-03-23 22:37:00.702] [sharedprocess] [info] Scanned user extensions: 8
[2018-03-23 22:37:25.584] [sharedprocess] [info] Scanned user extensions: 8
[2018-03-23 22:43:05.677] [sharedprocess] [info] Scanned user extensions: 8
[2018-03-23 22:48:45.740] [sharedprocess] [info] Scanned user extensions: 8
[2018-03-23 22:54:25.818] [sharedprocess] [info] Scanned user extensions: 8
[2018-03-23 23:00:05.894] [sharedprocess] [info] Scanned user extensions: 8
[2018-03-23 23:05:45.964] [sharedprocess] [info] Scanned user extensions: 8
[2018-03-23 23:10:50.071] [sharedprocess] [info] Scanned user extensions: 8
[2018-03-23 23:15:50.220] [sharedprocess] [info] Scanned user extensions: 8
[2018-03-23 23:20:50.432] [sharedprocess] [info] Scanned user extensions: 8
[2018-03-23 23:26:05.605] [sharedprocess] [info] Scanned user extensions: 8
[2018-03-23 23:31:16.756] [sharedprocess] [info] Scanned user extensions: 8
[2018-03-23 23:36:22.905] [sharedprocess] [info] Scanned user extensions: 8
[2018-03-23 23:41:23.039] [sharedprocess] [info] Scanned user extensions: 8
[2018-03-23 23:46:23.196] [sharedprocess] [info] Scanned user extensions: 8
[2018-03-23 23:51:23.351] [sharedprocess] [info] Scanned user extensions: 8
[2018-03-23 23:56:23.504] [sharedprocess] [info] Scanned user extensions: 8
[2018-03-24 00:01:23.685] [sharedprocess] [info] Scanned user extensions: 8
[2018-03-24 00:06:23.939] [sharedprocess] [info] Scanned user extensions: 8
[2018-03-24 00:11:24.371] [sharedprocess] [info] Scanned user extensions: 8
[2018-03-24 00:16:24.847] [sharedprocess] [info] Scanned user extensions: 8
[2018-03-24 00:21:25.070] [sharedprocess] [info] Scanned user extensions: 8
[2018-03-24 00:26:25.300] [sharedprocess] [info] Scanned user extensions: 8
[2018-03-24 00:31:31.813] [sharedprocess] [info] Scanned user extensions: 8
[2018-03-24 00:36:31.992] [sharedprocess] [info] Scanned user extensions: 8
[2018-03-24 00:41:32.348] [sharedprocess] [info] Scanned user extensions: 8
[2018-03-24 00:46:32.496] [sharedprocess] [info] Scanned user extensions: 8
[2018-03-24 00:51:32.638] [sharedprocess] [info] Scanned user extensions: 8
[2018-03-24 00:53:23.236] [sharedprocess] [info] Scanned user extensions: 8
[2018-03-24 00:53:23.256] [sharedprocess] [info] Scanned user extensions: 8
[2018-03-24 00:53:23.268] [sharedprocess] [info] Scanned user extensions: 8
[2018-03-24 00:53:23.416] [sharedprocess] [info] Scanned system extensions: 65
[2018-03-24 00:53:23.428] [sharedprocess] [info] Scanned system extensions: 65
[2018-03-24 00:53:27.389] [sharedprocess] [info] Scanned user extensions: 8
[2018-03-24 00:53:27.390] [sharedprocess] [info] Uninstalling extension: vscodevim.vim-0.11.2
[2018-03-24 00:53:27.392] [sharedprocess] [info] Requesting for confirmation to uninstall extension vscodevim.vim-0.11.2
[2018-03-24 00:53:27.392] [sharedprocess] [info] Routing choice request to the client window:1
[2018-03-24 00:53:28.857] [sharedprocess] [info] Scanned user extensions: 8
[2018-03-24 00:53:28.930] [sharedprocess] [info] Successfully uninstalled extension: vscodevim.vim-0.11.2
[2018-03-24 00:53:29.338] [sharedprocess] [info] Scanned system extensions: 65
[2018-03-24 00:53:29.349] [sharedprocess] [info] Scanned user extensions: 7
[2018-03-24 00:53:29.439] [sharedprocess] [info] Scanned user extensions: 7
[2018-03-24 00:53:29.483] [sharedprocess] [info] Scanned system extensions: 65
[2018-03-24 00:53:33.514] [sharedprocess] [info] Scanned user extensions: 7
[2018-03-24 00:53:33.597] [sharedprocess] [info] Scanned user extensions: 7
[2018-03-24 00:53:33.773] [sharedprocess] [info] Scanned user extensions: 7
[2018-03-24 00:53:33.891] [sharedprocess] [info] Scanned system extensions: 65
[2018-03-24 00:53:33.915] [sharedprocess] [info] Scanned system extensions: 65
[2018-03-24 00:53:33.923] [sharedprocess] [info] Scanned system extensions: 65
[2018-03-24 00:53:33.926] [sharedprocess] [info] Scanned system extensions: 65
[2018-03-24 00:53:33.929] [sharedprocess] [info] Scanned user extensions: 7
[2018-03-24 00:53:33.966] [sharedprocess] [info] Scanned system extensions: 65
[2018-03-24 00:53:33.987] [sharedprocess] [info] Scanned user extensions: 7
[2018-03-24 00:53:34.021] [sharedprocess] [info] Scanned user extensions: 7
[2018-03-24 00:53:34.047] [sharedprocess] [info] Scanned user extensions: 7
[2018-03-24 00:53:34.089] [sharedprocess] [info] Scanned user extensions: 7
[2018-03-24 00:53:35.797] [sharedprocess] [info] Scanned user extensions: 7
[2018-03-24 00:53:36.835] [sharedprocess] [info] Scanned user extensions: 7
[2018-03-24 00:53:36.885] [sharedprocess] [info] Scanned system extensions: 65
[2018-03-24 00:53:36.893] [sharedprocess] [info] Scanned system extensions: 65
[2018-03-24 00:53:36.897] [sharedprocess] [info] Scanned user extensions: 7
[2018-03-24 00:53:37.453] [sharedprocess] [info] Scanned user extensions: 7
[2018-03-24 00:53:42.276] [sharedprocess] [info] Installing extension: vim
[2018-03-24 00:53:43.593] [sharedprocess] [info] Downloaded extension: vim
[2018-03-24 00:53:43.721] [sharedprocess] [info] Removed the extension from uninstalled list: vscodevim.vim-0.11.2
[2018-03-24 00:53:43.737] [sharedprocess] [info] Scanned user extensions: 8
[2018-03-24 00:53:43.738] [sharedprocess] [info] Extensions installed successfully: vscodevim.vim
[2018-03-24 00:53:44.250] [sharedprocess] [info] Scanned user extensions: 8
[2018-03-24 00:53:44.416] [sharedprocess] [info] Scanned system extensions: 65
[2018-03-24 00:53:49.000] [sharedprocess] [info] Scanned user extensions: 8
[2018-03-24 00:53:49.004] [sharedprocess] [info] Scanned user extensions: 8
[2018-03-24 00:53:49.019] [sharedprocess] [info] Scanned user extensions: 8
[2018-03-24 00:53:49.054] [sharedprocess] [info] Scanned user extensions: 8
[2018-03-24 00:53:49.059] [sharedprocess] [info] Scanned user extensions: 8
[2018-03-24 00:53:49.078] [sharedprocess] [info] Scanned user extensions: 8
[2018-03-24 00:53:49.224] [sharedprocess] [info] Scanned system extensions: 65
[2018-03-24 00:53:49.231] [sharedprocess] [info] Scanned system extensions: 65
[2018-03-24 00:53:49.237] [sharedprocess] [info] Scanned system extensions: 65
[2018-03-24 00:53:49.245] [sharedprocess] [info] Scanned system extensions: 65
[2018-03-24 00:53:49.409] [sharedprocess] [info] Scanned user extensions: 8
[2018-03-24 00:53:49.420] [sharedprocess] [info] Scanned user extensions: 8
[2018-03-24 00:53:49.515] [sharedprocess] [info] Scanned system extensions: 65
[2018-03-24 00:53:52.330] [sharedprocess] [info] Scanned user extensions: 8
[2018-03-24 00:54:01.260] [sharedprocess] [info] Scanned user extensions: 8
[2018-03-24 00:57:38.785] [sharedprocess] [info] Scanned user extensions: 8
[2018-03-24 00:58:52.485] [sharedprocess] [info] Scanned user extensions: 8
[2018-03-24 01:03:47.368] [sharedprocess] [info] Scanned user extensions: 8
[2018-03-24 01:03:47.371] [sharedprocess] [info] Uninstalling extension: vscodevim.vim-0.11.2
[2018-03-24 01:03:47.372] [sharedprocess] [info] Requesting for confirmation to uninstall extension vscodevim.vim-0.11.2
[2018-03-24 01:03:47.373] [sharedprocess] [info] Routing choice request to the client window:1
[2018-03-24 01:03:48.718] [sharedprocess] [info] Scanned user extensions: 8
[2018-03-24 01:03:48.787] [sharedprocess] [info] Successfully uninstalled extension: vscodevim.vim-0.11.2
[2018-03-24 01:03:52.700] [sharedprocess] [info] Scanned user extensions: 7
[2018-03-24 01:03:54.659] [sharedprocess] [info] Scanned system extensions: 65
[2018-03-24 01:03:54.668] [sharedprocess] [info] Scanned user extensions: 7
[2018-03-24 01:03:54.760] [sharedprocess] [info] Scanned user extensions: 7
[2018-03-24 01:03:54.789] [sharedprocess] [info] Scanned system extensions: 65
[2018-03-24 01:03:58.686] [sharedprocess] [info] Scanned user extensions: 7
[2018-03-24 01:03:58.832] [sharedprocess] [info] Scanned user extensions: 7
[2018-03-24 01:03:59.007] [sharedprocess] [info] Scanned user extensions: 7
[2018-03-24 01:03:59.079] [sharedprocess] [info] Scanned system extensions: 65
[2018-03-24 01:03:59.089] [sharedprocess] [info] Scanned system extensions: 65
[2018-03-24 01:03:59.097] [sharedprocess] [info] Scanned system extensions: 65
[2018-03-24 01:03:59.104] [sharedprocess] [info] Scanned system extensions: 65
[2018-03-24 01:03:59.109] [sharedprocess] [info] Scanned user extensions: 7
[2018-03-24 01:03:59.137] [sharedprocess] [info] Scanned system extensions: 65
[2018-03-24 01:03:59.173] [sharedprocess] [info] Scanned user extensions: 7
[2018-03-24 01:03:59.218] [sharedprocess] [info] Scanned user extensions: 7
[2018-03-24 01:03:59.262] [sharedprocess] [info] Scanned user extensions: 7
[2018-03-24 01:03:59.307] [sharedprocess] [info] Scanned user extensions: 7
[2018-03-24 01:04:02.942] [sharedprocess] [info] Scanned user extensions: 7
[2018-03-24 01:04:30.330] [sharedprocess] [info] Scanned user extensions: 7
[2018-03-24 01:04:30.353] [sharedprocess] [info] Scanned system extensions: 65
[2018-03-24 01:04:30.360] [sharedprocess] [info] Scanned system extensions: 65
[2018-03-24 01:04:30.387] [sharedprocess] [info] Scanned user extensions: 7
[2018-03-24 01:04:41.392] [sharedprocess] [info] Scanned user extensions: 7
[2018-03-24 01:04:41.497] [sharedprocess] [info] Scanned user extensions: 7
[2018-03-24 01:04:41.598] [sharedprocess] [info] Scanned user extensions: 7
[2018-03-24 01:04:41.615] [sharedprocess] [info] Scanned system extensions: 65
[2018-03-24 01:04:41.624] [sharedprocess] [info] Scanned system extensions: 65
[2018-03-24 01:04:41.636] [sharedprocess] [info] Scanned system extensions: 65
[2018-03-24 01:04:41.638] [sharedprocess] [info] Scanned system extensions: 65
[2018-03-24 01:04:41.662] [sharedprocess] [info] Scanned system extensions: 65
[2018-03-24 01:04:41.680] [sharedprocess] [info] Scanned user extensions: 7
[2018-03-24 01:04:41.728] [sharedprocess] [info] Scanned user extensions: 7
[2018-03-24 01:04:41.768] [sharedprocess] [info] Scanned user extensions: 7
[2018-03-24 01:04:41.802] [sharedprocess] [info] Scanned user extensions: 7
[2018-03-24 01:04:41.835] [sharedprocess] [info] Scanned user extensions: 7
[2018-03-24 01:04:45.572] [sharedprocess] [info] Scanned user extensions: 7
[2018-03-24 01:08:09.503] [sharedprocess] [info] Scanned user extensions: 7
[2018-03-24 01:08:24.463] [sharedprocess] [info] Scanned user extensions: 7
[2018-03-24 01:09:45.811] [sharedprocess] [info] Scanned user extensions: 7
[2018-03-24 01:14:46.316] [sharedprocess] [info] Scanned user extensions: 7
[2018-03-24 01:19:46.488] [sharedprocess] [info] Scanned user extensions: 7
[2018-03-24 01:24:46.686] [sharedprocess] [info] Scanned user extensions: 7
[2018-03-24 01:29:46.840] [sharedprocess] [info] Scanned user extensions: 7
[2018-03-24 01:34:52.224] [sharedprocess] [info] Scanned user extensions: 7
[2018-03-24 01:39:52.412] [sharedprocess] [info] Scanned user extensions: 7
[2018-03-24 01:44:52.652] [sharedprocess] [info] Scanned user extensions: 7
[2018-03-24 01:49:57.835] [sharedprocess] [info] Scanned user extensions: 7
[2018-03-24 01:54:58.028] [sharedprocess] [info] Scanned user extensions: 7
