[2018-03-27 13:44:20.439] [exthost1] [info] extension host started
[2018-03-27 13:44:20.713] [exthost1] [info] ExtensionService#_doActivateExtension vscode.emmet {"startup":true,"activationEvent":"*"}
[2018-03-27 13:44:20.713] [exthost1] [info] ExtensionService#loadCommonJSModule /usr/share/code/resources/app/extensions/emmet/out/extension
[2018-03-27 13:44:21.583] [exthost1] [info] ExtensionService#_doActivateExtension vscode.git {"startup":true,"activationEvent":"*"}
[2018-03-27 13:44:21.583] [exthost1] [info] ExtensionService#loadCommonJSModule /usr/share/code/resources/app/extensions/git/out/main
[2018-03-27 13:44:22.301] [exthost1] [info] ExtensionService#_doActivateExtension vscode.merge-conflict {"startup":true,"activationEvent":"*"}
[2018-03-27 13:44:22.301] [exthost1] [info] ExtensionService#loadCommonJSModule /usr/share/code/resources/app/extensions/merge-conflict/out/extension
[2018-03-27 13:44:22.538] [exthost1] [info] ExtensionService#_doActivateExtension ionutvmi.path-autocomplete {"startup":true,"activationEvent":"*"}
[2018-03-27 13:44:22.538] [exthost1] [info] ExtensionService#loadCommonJSModule /root/.vscode/extensions/ionutvmi.path-autocomplete-1.8.1/out/src/extension
[2018-03-27 13:44:22.691] [exthost1] [info] ExtensionService#_doActivateExtension schneiderpat.aspnet-helper {"startup":true,"activationEvent":"*"}
[2018-03-27 13:44:22.691] [exthost1] [info] ExtensionService#loadCommonJSModule /root/.vscode/extensions/schneiderpat.aspnet-helper-0.6.4/out/src/extension
[2018-03-27 13:44:22.954] [exthost1] [info] ExtensionService#_doActivateExtension vscodevim.vim {"startup":true,"activationEvent":"*"}
[2018-03-27 13:44:22.954] [exthost1] [info] ExtensionService#loadCommonJSModule /root/.vscode/extensions/vscodevim.vim-0.11.2/out/extension
[2018-03-27 13:44:24.543] [exthost1] [info] ExtensionService#_doActivateExtension vscode.python {"startup":false,"activationEvent":"onLanguage:python"}
[2018-03-27 13:44:24.543] [exthost1] [info] ExtensionService#loadCommonJSModule /usr/share/code/resources/app/extensions/python/out/pythonMain
[2018-03-27 13:44:24.596] [exthost1] [info] ExtensionService#_doActivateExtension ms-python.python {"startup":false,"activationEvent":"onLanguage:python"}
[2018-03-27 13:44:24.596] [exthost1] [info] ExtensionService#loadCommonJSModule /root/.vscode/extensions/ms-python.python-2018.2.1/out/client/extension
[2018-03-27 13:44:28.915] [exthost1] [info] ExtensionService#_doActivateExtension tht13.python {"startup":false,"activationEvent":"onLanguage:python"}
[2018-03-27 13:44:28.915] [exthost1] [info] ExtensionService#loadCommonJSModule /root/.vscode/extensions/tht13.python-0.2.3/out/client/src/pythonMain
[2018-03-27 13:44:32.221] [exthost1] [info] eager extensions activated
[2018-03-27 13:45:00.983] [exthost1] [info] ExtensionService#_doActivateExtension vscode.html {"startup":false,"activationEvent":"onLanguage:html"}
[2018-03-27 13:45:00.984] [exthost1] [info] ExtensionService#loadCommonJSModule /usr/share/code/resources/app/extensions/html/client/out/htmlMain
[2018-03-27 13:46:33.904] [exthost1] [info] ExtensionService#_doActivateExtension ms-vscode.csharp {"startup":false,"activationEvent":"onDebug"}
[2018-03-27 13:46:33.904] [exthost1] [info] ExtensionService#loadCommonJSModule /root/.vscode/extensions/ms-vscode.csharp-1.14.0/out/src/main
[2018-03-27 13:46:35.331] [exthost1] [info] ExtensionService#_doActivateExtension ms-vscode.mono-debug {"startup":false,"activationEvent":"onDebug"}
[2018-03-27 13:46:35.331] [exthost1] [info] ExtensionService#loadCommonJSModule /root/.vscode/extensions/ms-vscode.mono-debug-0.15.8/out/extension
[2018-03-27 14:36:16.985] [exthost1] [info] ExtensionService#_doActivateExtension vscode.configuration-editing {"startup":false,"activationEvent":"onLanguage:jsonc"}
[2018-03-27 14:36:16.986] [exthost1] [info] ExtensionService#loadCommonJSModule /usr/share/code/resources/app/extensions/configuration-editing/out/extension
[2018-03-27 14:36:17.128] [exthost1] [info] ExtensionService#_doActivateExtension vscode.json {"startup":false,"activationEvent":"onLanguage:jsonc"}
[2018-03-27 14:36:17.128] [exthost1] [info] ExtensionService#loadCommonJSModule /usr/share/code/resources/app/extensions/json/client/out/jsonMain
