##########Linting Output - pylint##########
##########Linting Output - pylint##########
No config file found, using default configuration
************* Module FlyingVehicles
31,0,error,E0001:non-default argument follows default argument (<string>, line 31)
##########Linting Output - pylint##########
No config file found, using default configuration

--------------------------------------------------------------------
Your code has been rated at 10.00/10 (previous run: 10.00/10, +0.00)

##########Linting Output - pylint##########
No config file found, using default configuration

--------------------------------------------------------------------
Your code has been rated at 10.00/10 (previous run: 10.00/10, +0.00)

##########Linting Output - pylint##########
No config file found, using default configuration
************* Module component
16,8,error,E1101:Instance of 'Component' has no '_components' member
17,8,error,E1101:Instance of 'Component' has no '_mediator' member
19,8,error,E1101:Instance of 'Component' has no '_mediator' member
19,42,error,E1101:Instance of 'Component' has no '_mediator' member
20,8,error,E1101:Instance of 'Component' has no '_mediator' member
20,37,error,E1101:Instance of 'Component' has no '_mediator' member
23,8,error,E1101:Instance of 'Component' has no '_components' member

---------------------------------------------------------------------
Your code has been rated at -0.61/10 (previous run: 10.00/10, -10.61)

##########Linting Output - pylint##########
No config file found, using default configuration
************* Module component
19,8,error,E1101:Instance of 'Component' has no '_components' member
26,8,error,E1101:Instance of 'Component' has no '_components' member

-------------------------------------------------------------------
Your code has been rated at 7.06/10 (previous run: -0.61/10, +7.66)

##########Linting Output - pylint##########
No config file found, using default configuration

--------------------------------------------------------------------
Your code has been rated at 10.00/10 (previous run: 10.00/10, +0.00)

##########Linting Output - pylint##########
No config file found, using default configuration

-------------------------------------------------------------------
Your code has been rated at 10.00/10 (previous run: 7.06/10, +2.94)

##########Linting Output - pylint##########
No config file found, using default configuration

--------------------------------------------------------------------
Your code has been rated at 10.00/10 (previous run: 10.00/10, +0.00)

##########Linting Output - pylint##########
No config file found, using default configuration
************* Module FlyingVehicles
30,0,error,E0001:non-default argument follows default argument (<string>, line 30)
##########Linting Output - pylint##########
No config file found, using default configuration
************* Module FlyingVehicles
30,0,error,E0001:invalid syntax (<string>, line 30)
##########Linting Output - pylint##########
No config file found, using default configuration
************* Module FlyingVehicles
30,0,error,E0001:invalid syntax (<string>, line 30)
##########Linting Output - pylint##########
No config file found, using default configuration
************* Module FlyingVehicles
42,8,error,E1101:Instance of 'Aircraft' has no '_rockets' member
46,17,error,E1101:Instance of 'Aircraft' has no '_rockets' member

------------------------------------------------------------------
Your code has been rated at 7.44/10 (previous run: 9.77/10, -2.33)

##########Linting Output - pylint##########
No config file found, using default configuration
************* Module FlyingVehicles
42,0,error,E0001:invalid syntax (<string>, line 42)
##########Linting Output - pylint##########
No config file found, using default configuration
************* Module FlyingVehicles
45,12,error,E1120:No value for argument 'component' in unbound method call
48,8,error,E1101:Instance of 'Aircraft' has no '_rockets' member
52,17,error,E1101:Instance of 'Aircraft' has no '_rockets' member

------------------------------------------------------------------
Your code has been rated at 6.51/10 (previous run: 7.44/10, -0.92)

##########Linting Output - pylint##########
No config file found, using default configuration
************* Module FlyingVehicles
49,8,error,E1101:Instance of 'Aircraft' has no '_rockets' member
53,17,error,E1101:Instance of 'Aircraft' has no '_rockets' member

------------------------------------------------------------------
Your code has been rated at 7.67/10 (previous run: 6.51/10, +1.16)

##########Linting Output - pylint##########
No config file found, using default configuration

-------------------------------------------------------------------
Your code has been rated at 10.00/10 (previous run: 7.67/10, +2.33)

##########Linting Output - pylint##########
No config file found, using default configuration
************* Module FlyingVehicles
14,4,error,E0211:Method has no argument

-------------------------------------------------------------------
Your code has been rated at 8.68/10 (previous run: 10.00/10, -1.32)

##########Linting Output - pylint##########
No config file found, using default configuration

-------------------------------------------------------------------
Your code has been rated at 10.00/10 (previous run: 8.68/10, +1.32)

##########Linting Output - pylint##########
No config file found, using default configuration

--------------------------------------------------------------------
Your code has been rated at 10.00/10 (previous run: 10.00/10, +0.00)

##########Linting Output - pylint##########
No config file found, using default configuration

--------------------------------------------------------------------
Your code has been rated at 10.00/10 (previous run: 10.00/10, +0.00)

##########Linting Output - pylint##########
No config file found, using default configuration
************* Module scene
49,8,error,E0602:Undefined variable 'res'
49,20,error,E0602:Undefined variable 'res'

-------------------------------------------------------------------
Your code has been rated at 7.44/10 (previous run: 10.00/10, -2.56)

##########Linting Output - pylint##########
No config file found, using default configuration

-------------------------------------------------------------------
Your code has been rated at 10.00/10 (previous run: 7.44/10, +2.56)

##########Linting Output - pylint##########
No config file found, using default configuration
************* Module ex
4,0,error,E0401:Unable to import 'mediator'
38,20,error,E1121:Too many positional arguments for constructor call
43,14,error,E1101:Instance of 'Aircraft' has no 'dettachRocket' member

------------------------------------------------------------------
Your code has been rated at 3.75/10 (previous run: 5.83/10, -2.08)

##########Linting Output - pylint##########
No config file found, using default configuration

--------------------------------------------------------------------
Your code has been rated at 10.00/10 (previous run: 10.00/10, +0.00)

##########Linting Output - pylint##########
No config file found, using default configuration
************* Module ex
4,0,error,E0401:Unable to import 'mediator'
43,14,error,E1101:Instance of 'Aircraft' has no 'dettachRocket' member
36,4,warning,W0612:Unused variable 'rX'

------------------------------------------------------------------
Your code has been rated at 5.42/10 (previous run: 3.75/10, +1.67)

##########Linting Output - pylint##########
No config file found, using default configuration
************* Module ex
4,0,error,E0401:Unable to import 'mediator'
41,4,error,E1120:No value for argument 'component' in method call
36,4,warning,W0612:Unused variable 'rX'

------------------------------------------------------------------
Your code has been rated at 5.42/10 (previous run: 5.42/10, +0.00)

##########Linting Output - pylint##########
No config file found, using default configuration
************* Module ex
4,0,error,E0401:Unable to import 'mediator'

------------------------------------------------------------------
Your code has been rated at 7.92/10 (previous run: 5.42/10, +2.50)

##########Linting Output - pylint##########
No config file found, using default configuration

--------------------------------------------------------------------
Your code has been rated at 10.00/10 (previous run: 10.00/10, +0.00)

##########Linting Output - pylint##########
No config file found, using default configuration

--------------------------------------------------------------------
Your code has been rated at 10.00/10 (previous run: 10.00/10, +0.00)

##########Linting Output - pylint##########
No config file found, using default configuration
************* Module FlyingVehicles
37,69,error,E0602:Undefined variable 'component'
38,55,error,E0602:Undefined variable 'component'

-------------------------------------------------------------------
Your code has been rated at 7.83/10 (previous run: 10.00/10, -2.17)

##########Linting Output - pylint##########
No config file found, using default configuration

--------------------------------------------------------------------
Your code has been rated at 10.00/10 (previous run: 10.00/10, +0.00)

##########Linting Output - pylint##########
No config file found, using default configuration
************* Module mediator
26,0,error,E0001:unexpected indent (<string>, line 26)
##########Linting Output - pylint##########
No config file found, using default configuration

--------------------------------------------------------------------
Your code has been rated at 10.00/10 (previous run: 10.00/10, +0.00)

##########Linting Output - pylint##########
No config file found, using default configuration

-------------------------------------------------------------------
Your code has been rated at 10.00/10 (previous run: 7.83/10, +2.17)

##########Linting Output - pylint##########
No config file found, using default configuration

--------------------------------------------------------------------
Your code has been rated at 10.00/10 (previous run: 10.00/10, +0.00)

##########Linting Output - pylint##########
No config file found, using default configuration

-------------------------------------------------------------------
Your code has been rated at 10.00/10 (previous run: 7.92/10, +2.08)

##########Linting Output - pylint##########
No config file found, using default configuration

--------------------------------------------------------------------
Your code has been rated at 10.00/10 (previous run: 10.00/10, +0.00)

##########Linting Output - pylint##########
No config file found, using default configuration

--------------------------------------------------------------------
Your code has been rated at 10.00/10 (previous run: 10.00/10, +0.00)

##########Linting Output - pylint##########
No config file found, using default configuration

--------------------------------------------------------------------
Your code has been rated at 10.00/10 (previous run: 10.00/10, +0.00)

##########Linting Output - pylint##########
No config file found, using default configuration

--------------------------------------------------------------------
Your code has been rated at 10.00/10 (previous run: 10.00/10, +0.00)

##########Linting Output - pylint##########
No config file found, using default configuration
##########Linting Output - pylint##########
No config file found, using default configuration

--------------------------------------------------------------------
Your code has been rated at 10.00/10 (previous run: 10.00/10, +0.00)

##########Linting Output - pylint##########
No config file found, using default configuration

--------------------------------------------------------------------
Your code has been rated at 10.00/10 (previous run: 10.00/10, +0.00)

##########Linting Output - pylint##########
No config file found, using default configuration
************* Module numpy.core.numerictypes
112,4,error,E0401:Unable to import '__builtin__'
555,29,error,E1101:Module 'types' has no 'TypeType' member
597,26,error,E0602:Undefined variable 'object_'
782,8,warning,W0612:Unused variable 'name'
958,30,error,E0602:Undefined variable 'integer'
959,29,error,E0602:Undefined variable 'inexact'
960,26,error,E0602:Undefined variable 'floating'

-----------------------------------
Your code has been rated at 9.20/10

##########Linting Output - pylint##########
No config file found, using default configuration

--------------------------------------------------------------------
Your code has been rated at 10.00/10 (previous run: 10.00/10, +0.00)

##########Linting Output - pylint##########
No config file found, using default configuration

--------------------------------------------------------------------
Your code has been rated at 10.00/10 (previous run: 10.00/10, +0.00)

##########Linting Output - pylint##########
No config file found, using default configuration

--------------------------------------------------------------------
Your code has been rated at 10.00/10 (previous run: 10.00/10, +0.00)

##########Linting Output - pylint##########
No config file found, using default configuration

--------------------------------------------------------------------
Your code has been rated at 10.00/10 (previous run: 10.00/10, +0.00)

##########Linting Output - pylint##########
No config file found, using default configuration

--------------------------------------------------------------------
Your code has been rated at 10.00/10 (previous run: 10.00/10, +0.00)

##########Linting Output - pylint##########
No config file found, using default configuration

--------------------------------------------------------------------
Your code has been rated at 10.00/10 (previous run: 10.00/10, +0.00)

##########Linting Output - pylint##########
No config file found, using default configuration

--------------------------------------------------------------------
Your code has been rated at 10.00/10 (previous run: 10.00/10, +0.00)

##########Linting Output - pylint##########
No config file found, using default configuration

--------------------------------------------------------------------
Your code has been rated at 10.00/10 (previous run: 10.00/10, +0.00)

##########Linting Output - pylint##########
No config file found, using default configuration

--------------------------------------------------------------------
Your code has been rated at 10.00/10 (previous run: 10.00/10, +0.00)

##########Linting Output - pylint##########
No config file found, using default configuration

--------------------------------------------------------------------
Your code has been rated at 10.00/10 (previous run: 10.00/10, +0.00)

##########Linting Output - pylint##########
No config file found, using default configuration

--------------------------------------------------------------------
Your code has been rated at 10.00/10 (previous run: 10.00/10, +0.00)

##########Linting Output - pylint##########
No config file found, using default configuration

--------------------------------------------------------------------
Your code has been rated at 10.00/10 (previous run: 10.00/10, +0.00)

##########Linting Output - pylint##########
No config file found, using default configuration
************* Module ex
43,25,error,E1120:No value for argument 'thrustCoff' in constructor call
43,25,error,E1120:No value for argument 'dm' in constructor call
43,25,error,E1120:No value for argument 'massAV' in constructor call
43,25,error,E1120:No value for argument 'X' in constructor call
43,25,error,E1120:No value for argument 'mediator' in constructor call

-------------------------------------------------------------------
Your code has been rated at 1.38/10 (previous run: 10.00/10, -8.62)

##########Linting Output - pylint##########
No config file found, using default configuration
************* Module FlyingVehicles
65,0,error,E0001:expected an indented block (<string>, line 65)
##########Linting Output - pylint##########
No config file found, using default configuration
************* Module ex
5,0,error,E0401:Unable to import 'FlyingVehicles'

------------------------------------------------------------------
Your code has been rated at 8.28/10 (previous run: 1.38/10, +6.90)

##########Linting Output - pylint##########
No config file found, using default configuration

--------------------------------------------------------------------
Your code has been rated at 10.00/10 (previous run: 10.00/10, +0.00)

##########Linting Output - pylint##########
No config file found, using default configuration
************* Module FlyingVehicles
54,69,error,E0602:Undefined variable 'component'
55,55,error,E0602:Undefined variable 'component'

-------------------------------------------------------------------
Your code has been rated at 7.92/10 (previous run: 10.00/10, -2.08)

##########Linting Output - pylint##########
No config file found, using default configuration

-------------------------------------------------------------------
Your code has been rated at 10.00/10 (previous run: 7.92/10, +2.08)

##########Linting Output - pylint##########
No config file found, using default configuration

--------------------------------------------------------------------
Your code has been rated at 10.00/10 (previous run: 10.00/10, +0.00)

##########Linting Output - pylint##########
No config file found, using default configuration

--------------------------------------------------------------------
Your code has been rated at 10.00/10 (previous run: 10.00/10, +0.00)

##########Linting Output - pylint##########
No config file found, using default configuration

-------------------------------------------------------------------
Your code has been rated at 10.00/10 (previous run: 8.28/10, +1.72)

##########Linting Output - pylint##########
No config file found, using default configuration

--------------------------------------------------------------------
Your code has been rated at 10.00/10 (previous run: 10.00/10, +0.00)

##########Linting Output - pylint##########
No config file found, using default configuration

--------------------------------------------------------------------
Your code has been rated at 10.00/10 (previous run: 10.00/10, +0.00)

##########Linting Output - pylint##########
No config file found, using default configuration

--------------------------------------------------------------------
Your code has been rated at 10.00/10 (previous run: 10.00/10, +0.00)

##########Linting Output - pylint##########
No config file found, using default configuration

--------------------------------------------------------------------
Your code has been rated at 10.00/10 (previous run: 10.00/10, +0.00)

##########Linting Output - pylint##########
No config file found, using default configuration

--------------------------------------------------------------------
Your code has been rated at 10.00/10 (previous run: 10.00/10, +0.00)

##########Linting Output - pylint##########
No config file found, using default configuration

--------------------------------------------------------------------
Your code has been rated at 10.00/10 (previous run: 10.00/10, +0.00)

##########Linting Output - pylint##########
No config file found, using default configuration

--------------------------------------------------------------------
Your code has been rated at 10.00/10 (previous run: 10.00/10, +0.00)

##########Linting Output - pylint##########
No config file found, using default configuration
************* Module ex
50,14,error,E1120:No value for argument 'rX' in method call
50,14,error,E1120:No value for argument 'tX' in method call

-------------------------------------------------------------------
Your code has been rated at 6.43/10 (previous run: 10.00/10, -3.57)

##########Linting Output - pylint##########
No config file found, using default configuration
************* Module scene
48,0,error,E0001:invalid syntax (<string>, line 48)
##########Linting Output - pylint##########
No config file found, using default configuration
************* Module ex
2,0,error,E0401:Unable to import 'scene'

------------------------------------------------------------------
Your code has been rated at 8.15/10 (previous run: 6.43/10, +1.72)

##########Linting Output - pylint##########
No config file found, using default configuration
************* Module ex
2,0,error,E0401:Unable to import 'scene'

------------------------------------------------------------------
Your code has been rated at 8.15/10 (previous run: 8.15/10, +0.00)

##########Linting Output - pylint##########
No config file found, using default configuration

--------------------------------------------------------------------
Your code has been rated at 10.00/10 (previous run: 10.00/10, +0.00)

##########Linting Output - pylint##########
No config file found, using default configuration

--------------------------------------------------------------------
Your code has been rated at 10.00/10 (previous run: 10.00/10, +0.00)

##########Linting Output - pylint##########
No config file found, using default configuration

--------------------------------------------------------------------
Your code has been rated at 10.00/10 (previous run: 10.00/10, +0.00)

##########Linting Output - pylint##########
No config file found, using default configuration

-------------------------------------------------------------------
Your code has been rated at 10.00/10 (previous run: 8.15/10, +1.85)

##########Linting Output - pylint##########
No config file found, using default configuration
************* Module ex
49,0,error,E0001:invalid syntax (<string>, line 49)
##########Linting Output - pylint##########
No config file found, using default configuration

--------------------------------------------------------------------
Your code has been rated at 10.00/10 (previous run: 10.00/10, +0.00)

##########Linting Output - pylint##########
No config file found, using default configuration

--------------------------------------------------------------------
Your code has been rated at 10.00/10 (previous run: 10.00/10, +0.00)

##########Linting Output - pylint##########
No config file found, using default configuration
************* Module ex
50,11,error,E1120:No value for argument 'dt' in method call
48,4,warning,W0612:Unused variable 'dt'

-------------------------------------------------------------------
Your code has been rated at 7.93/10 (previous run: 10.00/10, -2.07)

##########Linting Output - pylint##########
No config file found, using default configuration

-------------------------------------------------------------------
Your code has been rated at 10.00/10 (previous run: 7.93/10, +2.07)

##########Linting Output - pylint##########
No config file found, using default configuration

--------------------------------------------------------------------
Your code has been rated at 10.00/10 (previous run: 10.00/10, +0.00)

##########Linting Output - pylint##########
No config file found, using default configuration
************* Module scene
44,33,error,E0601:Using variable 't' before assignment
44,38,error,E0602:Undefined variable 'dt'
46,16,error,E0602:Undefined variable 'dt'

-------------------------------------------------------------------
Your code has been rated at 6.15/10 (previous run: 10.00/10, -3.85)

##########Linting Output - pylint##########
No config file found, using default configuration
************* Module scene
43,33,error,E0601:Using variable 't' before assignment
43,38,error,E0602:Undefined variable 'dt'
45,16,error,E0602:Undefined variable 'dt'

------------------------------------------------------------------
Your code has been rated at 6.05/10 (previous run: 6.15/10, -0.10)

##########Linting Output - pylint##########
No config file found, using default configuration
************* Module scene
43,33,error,E0602:Undefined variable 't'
43,36,error,E0602:Undefined variable 't'
43,38,error,E0602:Undefined variable 'dt'
45,26,error,E1101:Instance of 'Scene' has no 'dt' member; maybe '_t'?

------------------------------------------------------------------
Your code has been rated at 4.74/10 (previous run: 6.05/10, -1.32)

##########Linting Output - pylint##########
No config file found, using default configuration
************* Module scene
45,26,error,E1101:Instance of 'Scene' has no 'dt' member; maybe '_t'?

------------------------------------------------------------------
Your code has been rated at 8.65/10 (previous run: 4.74/10, +3.91)

##########Linting Output - pylint##########
No config file found, using default configuration
************* Module ex
48,0,error,E0001:invalid syntax (<string>, line 48)
##########Linting Output - pylint##########
No config file found, using default configuration
************* Module ex
48,0,error,E0001:invalid syntax (<string>, line 48)
##########Linting Output - pylint##########
No config file found, using default configuration
************* Module ex
48,0,error,E0001:invalid syntax (<string>, line 48)
##########Linting Output - pylint##########
No config file found, using default configuration
************* Module ex
49,0,error,E0001:expected an indented block (<string>, line 49)
##########Linting Output - pylint##########
No config file found, using default configuration
************* Module ex
29,12,error,E1121:Too many positional arguments for constructor call

-------------------------------------------------------------------
Your code has been rated at 8.39/10 (previous run: 10.00/10, -1.61)

##########Linting Output - pylint##########
No config file found, using default configuration
************* Module ex
29,12,error,E1121:Too many positional arguments for constructor call

------------------------------------------------------------------
Your code has been rated at 8.39/10 (previous run: 8.39/10, +0.00)

##########Linting Output - pylint##########
No config file found, using default configuration

-------------------------------------------------------------------
Your code has been rated at 10.00/10 (previous run: 8.39/10, +1.61)

##########Linting Output - pylint##########
No config file found, using default configuration

-------------------------------------------------------------------
Your code has been rated at 10.00/10 (previous run: 8.65/10, +1.35)

##########Linting Output - pylint##########
No config file found, using default configuration

--------------------------------------------------------------------
Your code has been rated at 10.00/10 (previous run: 10.00/10, +0.00)

##########Linting Output - pylint##########
No config file found, using default configuration

--------------------------------------------------------------------
Your code has been rated at 10.00/10 (previous run: 10.00/10, +0.00)

##########Linting Output - pylint##########
No config file found, using default configuration

--------------------------------------------------------------------
Your code has been rated at 10.00/10 (previous run: 10.00/10, +0.00)

##########Linting Output - pylint##########
No config file found, using default configuration
##########Linting Output - pylint##########
No config file found, using default configuration

--------------------------------------------------------------------
Your code has been rated at 10.00/10 (previous run: 10.00/10, +0.00)

##########Linting Output - pylint##########
No config file found, using default configuration

--------------------------------------------------------------------
Your code has been rated at 10.00/10 (previous run: 10.00/10, +0.00)

##########Linting Output - pylint##########
No config file found, using default configuration

--------------------------------------------------------------------
Your code has been rated at 10.00/10 (previous run: 10.00/10, +0.00)

##########Linting Output - pylint##########
No config file found, using default configuration

--------------------------------------------------------------------
Your code has been rated at 10.00/10 (previous run: 10.00/10, +0.00)

##########Linting Output - pylint##########
No config file found, using default configuration

--------------------------------------------------------------------
Your code has been rated at 10.00/10 (previous run: 10.00/10, +0.00)

##########Linting Output - pylint##########
No config file found, using default configuration

--------------------------------------------------------------------
Your code has been rated at 10.00/10 (previous run: 10.00/10, +0.00)

##########Linting Output - pylint##########
No config file found, using default configuration

--------------------------------------------------------------------
Your code has been rated at 10.00/10 (previous run: 10.00/10, +0.00)

##########Linting Output - pylint##########
No config file found, using default configuration

--------------------------------------------------------------------
Your code has been rated at 10.00/10 (previous run: 10.00/10, +0.00)

##########Linting Output - pylint##########
No config file found, using default configuration

--------------------------------------------------------------------
Your code has been rated at 10.00/10 (previous run: 10.00/10, +0.00)

##########Linting Output - pylint##########
No config file found, using default configuration

--------------------------------------------------------------------
Your code has been rated at 10.00/10 (previous run: 10.00/10, +0.00)

##########Linting Output - pylint##########
No config file found, using default configuration

--------------------------------------------------------------------
Your code has been rated at 10.00/10 (previous run: 10.00/10, +0.00)

##########Linting Output - pylint##########
No config file found, using default configuration
************* Module ex
49,14,error,E1101:Instance of 'Scene' has no 'resultc' member; maybe 'result'?

-------------------------------------------------------------------
Your code has been rated at 8.48/10 (previous run: 10.00/10, -1.52)

##########Linting Output - pylint##########
No config file found, using default configuration

-------------------------------------------------------------------
Your code has been rated at 10.00/10 (previous run: 8.48/10, +1.52)

##########Linting Output - pylint##########
No config file found, using default configuration

--------------------------------------------------------------------
Your code has been rated at 10.00/10 (previous run: 10.00/10, +0.00)

##########Linting Output - pylint##########
No config file found, using default configuration

--------------------------------------------------------------------
Your code has been rated at 10.00/10 (previous run: 10.00/10, +0.00)

##########Linting Output - pylint##########
No config file found, using default configuration
************* Module ex
50,0,error,E0001:expected an indented block (<string>, line 50)
##########Linting Output - pylint##########
No config file found, using default configuration

--------------------------------------------------------------------
Your code has been rated at 10.00/10 (previous run: 10.00/10, +0.00)

##########Linting Output - pylint##########
No config file found, using default configuration
************* Module FlyingVehicles
23,0,error,E0001:invalid syntax (<string>, line 23)
##########Linting Output - pylint##########
No config file found, using default configuration

--------------------------------------------------------------------
Your code has been rated at 10.00/10 (previous run: 10.00/10, +0.00)

##########Linting Output - pylint##########
No config file found, using default configuration

--------------------------------------------------------------------
Your code has been rated at 10.00/10 (previous run: 10.00/10, +0.00)

##########Linting Output - pylint##########
No config file found, using default configuration

--------------------------------------------------------------------
Your code has been rated at 10.00/10 (previous run: 10.00/10, +0.00)

##########Linting Output - pylint##########
No config file found, using default configuration

--------------------------------------------------------------------
Your code has been rated at 10.00/10 (previous run: 10.00/10, +0.00)

##########Linting Output - pylint##########
No config file found, using default configuration

--------------------------------------------------------------------
Your code has been rated at 10.00/10 (previous run: 10.00/10, +0.00)

##########Linting Output - pylint##########
No config file found, using default configuration

--------------------------------------------------------------------
Your code has been rated at 10.00/10 (previous run: 10.00/10, +0.00)

##########Linting Output - pylint##########
No config file found, using default configuration

--------------------------------------------------------------------
Your code has been rated at 10.00/10 (previous run: 10.00/10, +0.00)

##########Linting Output - pylint##########
No config file found, using default configuration

--------------------------------------------------------------------
Your code has been rated at 10.00/10 (previous run: 10.00/10, +0.00)

##########Linting Output - pylint##########
No config file found, using default configuration

--------------------------------------------------------------------
Your code has been rated at 10.00/10 (previous run: 10.00/10, +0.00)

##########Linting Output - pylint##########
No config file found, using default configuration

--------------------------------------------------------------------
Your code has been rated at 10.00/10 (previous run: 10.00/10, +0.00)

##########Linting Output - pylint##########
No config file found, using default configuration

--------------------------------------------------------------------
Your code has been rated at 10.00/10 (previous run: 10.00/10, +0.00)

##########Linting Output - pylint##########
No config file found, using default configuration

--------------------------------------------------------------------
Your code has been rated at 10.00/10 (previous run: 10.00/10, +0.00)

##########Linting Output - pylint##########
No config file found, using default configuration

--------------------------------------------------------------------
Your code has been rated at 10.00/10 (previous run: 10.00/10, +0.00)

##########Linting Output - pylint##########
No config file found, using default configuration

--------------------------------------------------------------------
Your code has been rated at 10.00/10 (previous run: 10.00/10, +0.00)

##########Linting Output - pylint##########
No config file found, using default configuration

--------------------------------------------------------------------
Your code has been rated at 10.00/10 (previous run: 10.00/10, +0.00)

##########Linting Output - pylint##########
No config file found, using default configuration

--------------------------------------------------------------------
Your code has been rated at 10.00/10 (previous run: 10.00/10, +0.00)

##########Linting Output - pylint##########
No config file found, using default configuration

--------------------------------------------------------------------
Your code has been rated at 10.00/10 (previous run: 10.00/10, +0.00)

##########Linting Output - pylint##########
No config file found, using default configuration

--------------------------------------------------------------------
Your code has been rated at 10.00/10 (previous run: 10.00/10, +0.00)

##########Linting Output - pylint##########
No config file found, using default configuration

--------------------------------------------------------------------
Your code has been rated at 10.00/10 (previous run: 10.00/10, +0.00)

##########Linting Output - pylint##########
No config file found, using default configuration

--------------------------------------------------------------------
Your code has been rated at 10.00/10 (previous run: 10.00/10, +0.00)

##########Linting Output - pylint##########
No config file found, using default configuration

--------------------------------------------------------------------
Your code has been rated at 10.00/10 (previous run: 10.00/10, +0.00)

