##########Linting Output - pylint##########
##########Linting Output - pylint##########
No config file found, using default configuration
************* Module FlyingVehicles
36,12,warning,W0612:Unused variable 'i'

------------------------------------------------------------------
Your code has been rated at 9.77/10 (previous run: 9.71/10, +0.06)

##########Linting Output - pylint##########
No config file found, using default configuration
************* Module scene
62,0,error,E1126:Sequence index is not an int, slice, or instance with __index__
62,0,error,E1126:Sequence index is not an int, slice, or instance with __index__
47,8,warning,W0612:Unused variable 'text'
48,8,warning,W0612:Unused variable 's'
56,12,warning,W0612:Unused variable 'k'

------------------------------------------------------------------
Your code has been rated at 7.11/10 (previous run: 6.34/10, +0.77)

##########Linting Output - pylint##########
No config file found, using default configuration

--------------------------------------------------------------------
Your code has been rated at 10.00/10 (previous run: 10.00/10, +0.00)

##########Linting Output - pylint##########
No config file found, using default configuration

--------------------------------------------------------------------
Your code has been rated at 10.00/10 (previous run: 10.00/10, +0.00)

##########Linting Output - pylint##########
No config file found, using default configuration
************* Module scene
43,0,error,E0001:invalid syntax (<string>, line 43)
##########Linting Output - pylint##########
No config file found, using default configuration
************* Module scene
43,0,error,E0001:invalid syntax (<string>, line 43)
##########Linting Output - pylint##########
No config file found, using default configuration
************* Module scene
43,0,error,E0001:invalid syntax (<string>, line 43)
##########Linting Output - pylint##########
No config file found, using default configuration
************* Module scene
37,23,error,E0602:Undefined variable 'ite'
42,4,error,E0213:Method should have "self" as first argument
43,14,error,E1136:Value 'rX' is unsubscriptable
43,37,error,E1136:Value 'rX' is unsubscriptable
43,60,error,E1136:Value 'rX' is unsubscriptable
43,83,error,E0602:Undefined variable 'self'

------------------------------------------------------------------
Your code has been rated at 2.50/10 (previous run: 7.11/10, -4.61)

##########Linting Output - pylint##########
No config file found, using default configuration
************* Module scene
37,23,error,E0602:Undefined variable 'ite'
42,4,error,E0213:Method should have "self" as first argument
43,13,error,E1136:Value 'rX' is unsubscriptable
43,36,error,E1136:Value 'rX' is unsubscriptable
43,59,error,E1136:Value 'rX' is unsubscriptable
43,81,error,E0602:Undefined variable 'self'

------------------------------------------------------------------
Your code has been rated at 2.50/10 (previous run: 2.50/10, +0.00)

##########Linting Output - pylint##########
No config file found, using default configuration
************* Module scene
37,23,error,E0602:Undefined variable 'ite'

------------------------------------------------------------------
Your code has been rated at 8.75/10 (previous run: 2.50/10, +6.25)

##########Linting Output - pylint##########
No config file found, using default configuration

-------------------------------------------------------------------
Your code has been rated at 10.00/10 (previous run: 8.75/10, +1.25)

##########Linting Output - pylint##########
No config file found, using default configuration
************* Module scene
51,0,error,E0001:invalid syntax (<string>, line 51)
##########Linting Output - pylint##########
No config file found, using default configuration
************* Module scene
53,0,error,E0001:invalid syntax (<string>, line 53)
##########Linting Output - pylint##########
No config file found, using default configuration
************* Module scene
53,0,error,E0001:invalid syntax (<string>, line 53)
##########Linting Output - pylint##########
No config file found, using default configuration
************* Module scene
53,0,error,E0001:invalid syntax (<string>, line 53)
##########Linting Output - pylint##########
No config file found, using default configuration
************* Module scene
53,0,error,E0001:invalid syntax (<string>, line 53)
##########Linting Output - pylint##########
No config file found, using default configuration
************* Module scene
46,19,error,E0602:Undefined variable 'Fals'

-------------------------------------------------------------------
Your code has been rated at 8.94/10 (previous run: 10.00/10, -1.06)

##########Linting Output - pylint##########
No config file found, using default configuration

-------------------------------------------------------------------
Your code has been rated at 10.00/10 (previous run: 8.94/10, +1.06)

##########Linting Output - pylint##########
No config file found, using default configuration
************* Module ex
4,0,error,E0401:Unable to import 'mediator'
29,12,error,E1120:No value for argument 'R' in constructor call

-------------------------------------------------------------------
Your code has been rated at 5.45/10 (previous run: 10.00/10, -4.55)

##########Linting Output - pylint##########
No config file found, using default configuration
************* Module ex
4,0,error,E0401:Unable to import 'mediator'
29,12,error,E1120:No value for argument 'R' in constructor call

------------------------------------------------------------------
Your code has been rated at 5.65/10 (previous run: 5.45/10, +0.20)

##########Linting Output - pylint##########
No config file found, using default configuration
************* Module ex
4,0,error,E0401:Unable to import 'mediator'
29,12,error,E1120:No value for argument 'R' in constructor call

------------------------------------------------------------------
Your code has been rated at 5.65/10 (previous run: 5.65/10, +0.00)

##########Linting Output - pylint##########
No config file found, using default configuration
************* Module ex
4,0,error,E0401:Unable to import 'mediator'

------------------------------------------------------------------
Your code has been rated at 7.83/10 (previous run: 5.65/10, +2.17)

##########Linting Output - pylint##########
No config file found, using default configuration
************* Module FlyingVehicles
31,0,error,E0001:non-default argument follows default argument (<string>, line 31)
##########Linting Output - pylint##########
No config file found, using default configuration

--------------------------------------------------------------------
Your code has been rated at 10.00/10 (previous run: 10.00/10, +0.00)

##########Linting Output - pylint##########
No config file found, using default configuration
************* Module ex
4,0,error,E0401:Unable to import 'mediator'
5,0,error,E0401:Unable to import 'FlyingVehicles'
36,4,warning,W0612:Unused variable 'rX'

------------------------------------------------------------------
Your code has been rated at 5.42/10 (previous run: 7.83/10, -2.41)

##########Linting Output - pylint##########
No config file found, using default configuration
************* Module ex
4,0,error,E0401:Unable to import 'mediator'
5,0,error,E0401:Unable to import 'FlyingVehicles'

------------------------------------------------------------------
Your code has been rated at 5.83/10 (previous run: 5.42/10, +0.42)

