##########Linting Output - pylint##########
No config file found, using default configuration

--------------------------------------------------------------------
Your code has been rated at 10.00/10 (previous run: 10.00/10, +0.00)

##########Linting Output - pylint##########
No config file found, using default configuration

--------------------------------------------------------------------
Your code has been rated at 10.00/10 (previous run: 10.00/10, +0.00)

##########Linting Output - pylint##########
No config file found, using default configuration

--------------------------------------------------------------------
Your code has been rated at 10.00/10 (previous run: 10.00/10, +0.00)

##########Linting Output - pylint##########
No config file found, using default configuration
************* Module main
35,8,warning,W0612:Unused variable 'i'
64,4,warning,W0612:Unused variable 'T'

------------------------------------------------------------------
Your code has been rated at 9.66/10 (previous run: 9.66/10, +0.00)

##########Linting Output - pylint##########
No config file found, using default configuration
************* Module main
44,14,error,E1305:Too many arguments for format string
45,14,error,E1305:Too many arguments for format string
35,8,warning,W0612:Unused variable 'i'
64,4,warning,W0612:Unused variable 'T'

------------------------------------------------------------------
Your code has been rated at 7.97/10 (previous run: 9.66/10, -1.69)

##########Linting Output - pylint##########
No config file found, using default configuration
************* Module main
35,8,warning,W0612:Unused variable 'i'
64,4,warning,W0612:Unused variable 'T'

------------------------------------------------------------------
Your code has been rated at 9.66/10 (previous run: 7.97/10, +1.69)

##########Linting Output - pylint##########
No config file found, using default configuration

--------------------------------------------------------------------
Your code has been rated at 10.00/10 (previous run: 10.00/10, +0.00)

##########Linting Output - pylint##########
No config file found, using default configuration

--------------------------------------------------------------------
Your code has been rated at 10.00/10 (previous run: 10.00/10, +0.00)

##########Linting Output - pylint##########
No config file found, using default configuration

--------------------------------------------------------------------
Your code has been rated at 10.00/10 (previous run: 10.00/10, +0.00)

