[2018-03-21 22:34:22.845] [exthost1] [info] extension host started
[2018-03-21 22:34:22.910] [exthost1] [info] ExtensionService#_doActivateExtension vscode.emmet {"startup":true,"activationEvent":"*"}
[2018-03-21 22:34:22.911] [exthost1] [info] ExtensionService#loadCommonJSModule /usr/share/code/resources/app/extensions/emmet/out/extension
[2018-03-21 22:34:23.112] [exthost1] [info] ExtensionService#_doActivateExtension vscode.git {"startup":true,"activationEvent":"*"}
[2018-03-21 22:34:23.112] [exthost1] [info] ExtensionService#loadCommonJSModule /usr/share/code/resources/app/extensions/git/out/main
[2018-03-21 22:34:23.373] [exthost1] [info] ExtensionService#_doActivateExtension vscode.merge-conflict {"startup":true,"activationEvent":"*"}
[2018-03-21 22:34:23.373] [exthost1] [info] ExtensionService#loadCommonJSModule /usr/share/code/resources/app/extensions/merge-conflict/out/extension
[2018-03-21 22:34:23.424] [exthost1] [info] ExtensionService#_doActivateExtension vscodevim.vim {"startup":true,"activationEvent":"*"}
[2018-03-21 22:34:23.424] [exthost1] [info] ExtensionService#loadCommonJSModule /root/.vscode/extensions/vscodevim.vim-0.11.2/out/extension
[2018-03-21 22:34:24.500] [exthost1] [info] eager extensions activated
[2018-03-21 22:34:24.509] [exthost1] [info] ExtensionService#_doActivateExtension vscode.python {"startup":false,"activationEvent":"onLanguage:python"}
[2018-03-21 22:34:24.510] [exthost1] [info] ExtensionService#loadCommonJSModule /usr/share/code/resources/app/extensions/python/out/pythonMain
[2018-03-21 22:34:24.512] [exthost1] [info] ExtensionService#_doActivateExtension donjayamanne.jupyter {"startup":false,"activationEvent":"onLanguage:python"}
[2018-03-21 22:34:24.512] [exthost1] [info] ExtensionService#loadCommonJSModule /root/.vscode/extensions/donjayamanne.jupyter-1.1.4/out/src/extension
[2018-03-21 22:34:25.868] [exthost1] [info] ExtensionService#_doActivateExtension ms-python.python {"startup":false,"activationEvent":"onLanguage:python"}
[2018-03-21 22:34:25.868] [exthost1] [info] ExtensionService#loadCommonJSModule /root/.vscode/extensions/ms-python.python-2018.2.1/out/client/extension
[2018-03-21 22:40:37.510] [exthost1] [info] ExtensionService#_doActivateExtension vscode.html {"startup":false,"activationEvent":"onLanguage:html"}
[2018-03-21 22:40:37.510] [exthost1] [info] ExtensionService#loadCommonJSModule /usr/share/code/resources/app/extensions/html/client/out/htmlMain
[2018-03-21 22:48:32.389] [exthost1] [info] ExtensionService#_doActivateExtension ms-vscode.node-debug2 {"startup":false,"activationEvent":"onDebugInitialConfigurations"}
[2018-03-21 22:48:32.389] [exthost1] [info] ExtensionService#loadCommonJSModule /usr/share/code/resources/app/extensions/ms-vscode.node-debug2/out/src/extension
[2018-03-21 22:48:32.463] [exthost1] [info] ExtensionService#_doActivateExtension ms-vscode.node-debug {"startup":false,"activationEvent":"onDebugInitialConfigurations"}
[2018-03-21 22:48:32.463] [exthost1] [info] ExtensionService#loadCommonJSModule /usr/share/code/resources/app/extensions/ms-vscode.node-debug/out/node/extension/extension.js
